2021-05-11 14:00:02.429 [main] WARN  c.b.mybatisplus.core.metadata.TableInfoHelper - Warn: Could not find @TableId in Class: com.yicao.pmiapi.pojo.Worker.
2021-05-11 16:02:19.082 [main] WARN  c.b.mybatisplus.core.metadata.TableInfoHelper - Warn: Could not find @TableId in Class: com.yicao.pmiapi.pojo.Worker.
2021-05-11 16:06:08.610 [http-nio-8081-exec-1] WARN  o.s.w.s.m.support.DefaultHandlerExceptionResolver - Resolved [org.springframework.http.converter.HttpMessageNotReadableException: JSON parse error: Unexpected character ('}' (code 125)): was expecting double-quote to start field name; nested exception is com.fasterxml.jackson.core.JsonParseException: Unexpected character ('}' (code 125)): was expecting double-quote to start field name
 at [Source: (PushbackInputStream); line: 8, column: 2]]
2021-05-11 18:25:58.432 [main] WARN  c.b.mybatisplus.core.metadata.TableInfoHelper - Warn: Could not find @TableId in Class: com.yicao.pmiapi.pojo.Worker.
2021-05-11 18:26:15.803 [main] WARN  c.b.mybatisplus.core.metadata.TableInfoHelper - Warn: Could not find @TableId in Class: com.yicao.pmiapi.pojo.Worker.
2021-05-11 18:32:41.872 [main] WARN  c.b.mybatisplus.core.metadata.TableInfoHelper - Warn: Could not find @TableId in Class: com.yicao.pmiapi.pojo.Worker.
2021-05-11 18:47:48.412 [main] WARN  org.apache.catalina.loader.WebappClassLoaderBase - The web application [ROOT] appears to have started a thread named [ForkJoinPool.commonPool-worker-1] but has failed to stop it. This is very likely to create a memory leak. Stack trace of thread:
 sun.misc.Unsafe.park(Native Method)
 java.util.concurrent.ForkJoinPool.awaitWork(ForkJoinPool.java:1824)
 java.util.concurrent.ForkJoinPool.runWorker(ForkJoinPool.java:1693)
 java.util.concurrent.ForkJoinWorkerThread.run(ForkJoinWorkerThread.java:157)
2021-05-11 18:47:48.412 [main] WARN  org.apache.catalina.loader.WebappClassLoaderBase - The web application [ROOT] appears to have started a thread named [ForkJoinPool.commonPool-worker-2] but has failed to stop it. This is very likely to create a memory leak. Stack trace of thread:
 sun.misc.Unsafe.park(Native Method)
 java.util.concurrent.ForkJoinPool.awaitWork(ForkJoinPool.java:1824)
 java.util.concurrent.ForkJoinPool.runWorker(ForkJoinPool.java:1693)
 java.util.concurrent.ForkJoinWorkerThread.run(ForkJoinWorkerThread.java:157)
2021-05-11 18:47:48.412 [main] WARN  org.apache.catalina.loader.WebappClassLoaderBase - The web application [ROOT] appears to have started a thread named [ForkJoinPool.commonPool-worker-3] but has failed to stop it. This is very likely to create a memory leak. Stack trace of thread:
 sun.misc.Unsafe.park(Native Method)
 java.util.concurrent.ForkJoinPool.awaitWork(ForkJoinPool.java:1824)
 java.util.concurrent.ForkJoinPool.runWorker(ForkJoinPool.java:1693)
 java.util.concurrent.ForkJoinWorkerThread.run(ForkJoinWorkerThread.java:157)
2021-05-11 18:47:48.422 [main] WARN  org.apache.catalina.loader.WebappClassLoaderBase - The web application [ROOT] appears to have started a thread named [ForkJoinPool.commonPool-worker-4] but has failed to stop it. This is very likely to create a memory leak. Stack trace of thread:
 sun.misc.Unsafe.park(Native Method)
 java.util.concurrent.ForkJoinPool.awaitWork(ForkJoinPool.java:1824)
 java.util.concurrent.ForkJoinPool.runWorker(ForkJoinPool.java:1693)
 java.util.concurrent.ForkJoinWorkerThread.run(ForkJoinWorkerThread.java:157)
2021-05-11 18:47:48.422 [main] WARN  org.apache.catalina.loader.WebappClassLoaderBase - The web application [ROOT] appears to have started a thread named [ForkJoinPool.commonPool-worker-5] but has failed to stop it. This is very likely to create a memory leak. Stack trace of thread:
 sun.misc.Unsafe.park(Native Method)
 java.util.concurrent.ForkJoinPool.awaitWork(ForkJoinPool.java:1824)
 java.util.concurrent.ForkJoinPool.runWorker(ForkJoinPool.java:1693)
 java.util.concurrent.ForkJoinWorkerThread.run(ForkJoinWorkerThread.java:157)
2021-05-11 18:47:48.422 [main] WARN  org.apache.catalina.loader.WebappClassLoaderBase - The web application [ROOT] appears to have started a thread named [ForkJoinPool.commonPool-worker-6] but has failed to stop it. This is very likely to create a memory leak. Stack trace of thread:
 sun.misc.Unsafe.park(Native Method)
 java.util.concurrent.ForkJoinPool.awaitWork(ForkJoinPool.java:1824)
 java.util.concurrent.ForkJoinPool.runWorker(ForkJoinPool.java:1693)
 java.util.concurrent.ForkJoinWorkerThread.run(ForkJoinWorkerThread.java:157)
2021-05-11 18:47:48.422 [main] WARN  org.apache.catalina.loader.WebappClassLoaderBase - The web application [ROOT] appears to have started a thread named [ForkJoinPool.commonPool-worker-7] but has failed to stop it. This is very likely to create a memory leak. Stack trace of thread:
 sun.misc.Unsafe.park(Native Method)
 java.util.concurrent.ForkJoinPool.awaitWork(ForkJoinPool.java:1824)
 java.util.concurrent.ForkJoinPool.runWorker(ForkJoinPool.java:1693)
 java.util.concurrent.ForkJoinWorkerThread.run(ForkJoinWorkerThread.java:157)
2021-05-11 18:47:48.422 [main] WARN  org.apache.catalina.loader.WebappClassLoaderBase - The web application [ROOT] appears to have started a thread named [logback-2] but has failed to stop it. This is very likely to create a memory leak. Stack trace of thread:
 sun.misc.Unsafe.park(Native Method)
 java.util.concurrent.locks.LockSupport.parkNanos(LockSupport.java:215)
 java.util.concurrent.locks.AbstractQueuedSynchronizer$ConditionObject.awaitNanos(AbstractQueuedSynchronizer.java:2078)
 java.util.concurrent.ScheduledThreadPoolExecutor$DelayedWorkQueue.take(ScheduledThreadPoolExecutor.java:1093)
 java.util.concurrent.ScheduledThreadPoolExecutor$DelayedWorkQueue.take(ScheduledThreadPoolExecutor.java:809)
 java.util.concurrent.ThreadPoolExecutor.getTask(ThreadPoolExecutor.java:1074)
 java.util.concurrent.ThreadPoolExecutor.runWorker(ThreadPoolExecutor.java:1134)
 java.util.concurrent.ThreadPoolExecutor$Worker.run(ThreadPoolExecutor.java:624)
 java.lang.Thread.run(Thread.java:748)
2021-05-11 18:47:48.422 [main] WARN  o.s.b.w.s.c.AnnotationConfigServletWebServerApplicationContext - Exception encountered during context initialization - cancelling refresh attempt: org.springframework.context.ApplicationContextException: Unable to start web server; nested exception is org.springframework.boot.web.server.WebServerException: Unable to start embedded Tomcat
2021-05-11 18:48:29.835 [main] WARN  c.b.mybatisplus.core.metadata.TableInfoHelper - Warn: Could not find @TableId in Class: com.yicao.pmiapi.pojo.Worker.
2021-05-11 18:49:37.035 [main] WARN  c.b.mybatisplus.core.metadata.TableInfoHelper - Warn: Could not find @TableId in Class: com.yicao.pmiapi.pojo.Worker.
2021-05-11 18:57:30.779 [main] WARN  c.b.mybatisplus.core.metadata.TableInfoHelper - Warn: Could not find @TableId in Class: com.yicao.pmiapi.pojo.Worker.
2021-05-11 20:36:51.719 [main] WARN  c.b.mybatisplus.core.metadata.TableInfoHelper - Warn: Could not find @TableId in Class: com.yicao.pmiapi.pojo.Worker.
2021-05-11 21:49:27.718 [main] WARN  c.b.mybatisplus.core.metadata.TableInfoHelper - Warn: Could not find @TableId in Class: com.yicao.pmiapi.pojo.Worker.
2021-05-11 22:00:22.845 [main] WARN  c.b.mybatisplus.core.metadata.TableInfoHelper - Warn: Could not find @TableId in Class: com.yicao.pmiapi.pojo.Worker.
2021-05-11 22:01:23.729 [main] WARN  c.b.mybatisplus.core.metadata.TableInfoHelper - Warn: Could not find @TableId in Class: com.yicao.pmiapi.pojo.Worker.
2021-05-11 22:06:08.077 [main] WARN  c.b.mybatisplus.core.metadata.TableInfoHelper - Warn: Could not find @TableId in Class: com.yicao.pmiapi.pojo.Worker.
2021-05-11 22:08:14.417 [main] WARN  c.b.mybatisplus.core.metadata.TableInfoHelper - Warn: Could not find @TableId in Class: com.yicao.pmiapi.pojo.Worker.
2021-05-11 22:43:19.342 [main] WARN  c.b.mybatisplus.core.metadata.TableInfoHelper - Warn: Could not find @TableId in Class: com.yicao.pmiapi.pojo.Worker.
2021-05-11 22:47:49.874 [main] WARN  c.b.mybatisplus.core.metadata.TableInfoHelper - Warn: Could not find @TableId in Class: com.yicao.pmiapi.pojo.Worker.
2021-05-11 22:54:03.136 [main] WARN  c.b.mybatisplus.core.metadata.TableInfoHelper - Warn: Could not find @TableId in Class: com.yicao.pmiapi.pojo.Worker.
2021-05-11 23:04:13.686 [main] WARN  c.b.mybatisplus.core.metadata.TableInfoHelper - Warn: Could not find @TableId in Class: com.yicao.pmiapi.pojo.Worker.
2021-05-11 23:06:45.244 [main] WARN  c.b.mybatisplus.core.metadata.TableInfoHelper - Warn: Could not find @TableId in Class: com.yicao.pmiapi.pojo.Worker.
2021-05-11 23:07:56.162 [main] WARN  c.b.mybatisplus.core.metadata.TableInfoHelper - Warn: Could not find @TableId in Class: com.yicao.pmiapi.pojo.Worker.
2021-05-11 23:09:13.320 [main] WARN  c.b.mybatisplus.core.metadata.TableInfoHelper - Warn: Could not find @TableId in Class: com.yicao.pmiapi.pojo.Worker.
2021-05-11 23:12:03.008 [http-nio-8081-exec-5] WARN  o.s.w.s.m.support.DefaultHandlerExceptionResolver - Resolved [org.springframework.http.converter.HttpMessageNotReadableException: JSON parse error: Cannot deserialize value of type `java.time.LocalDateTime` from String "2021-05-04 17:29:01": Failed to deserialize java.time.LocalDateTime: (java.time.format.DateTimeParseException) Text '2021-05-04 17:29:01' could not be parsed at index 10; nested exception is com.fasterxml.jackson.databind.exc.InvalidFormatException: Cannot deserialize value of type `java.time.LocalDateTime` from String "2021-05-04 17:29:01": Failed to deserialize java.time.LocalDateTime: (java.time.format.DateTimeParseException) Text '2021-05-04 17:29:01' could not be parsed at index 10
 at [Source: (PushbackInputStream); line: 11, column: 10] (through reference chain: com.yicao.pmiapi.pojo.Complaint["date"])]
2021-05-11 23:30:35.046 [main] WARN  c.b.mybatisplus.core.metadata.TableInfoHelper - Warn: Could not find @TableId in Class: com.yicao.pmiapi.pojo.Worker.
2021-05-11 23:30:46.182 [http-nio-8081-exec-1] WARN  o.s.w.s.m.support.DefaultHandlerExceptionResolver - Resolved [org.springframework.http.converter.HttpMessageNotReadableException: JSON parse error: Cannot deserialize value of type `java.time.LocalDateTime` from String "2021-05-04 17:29:01": Failed to deserialize java.time.LocalDateTime: (java.time.format.DateTimeParseException) Text '2021-05-04 17:29:01' could not be parsed at index 10; nested exception is com.fasterxml.jackson.databind.exc.InvalidFormatException: Cannot deserialize value of type `java.time.LocalDateTime` from String "2021-05-04 17:29:01": Failed to deserialize java.time.LocalDateTime: (java.time.format.DateTimeParseException) Text '2021-05-04 17:29:01' could not be parsed at index 10
 at [Source: (PushbackInputStream); line: 11, column: 10] (through reference chain: com.yicao.pmiapi.pojo.Complaint["date"])]
2021-05-11 23:47:14.964 [main] WARN  c.b.mybatisplus.core.metadata.TableInfoHelper - Warn: Could not find @TableId in Class: com.yicao.pmiapi.pojo.Worker.
2021-05-11 23:47:25.409 [http-nio-8081-exec-1] WARN  o.s.w.s.m.support.DefaultHandlerExceptionResolver - Resolved [org.springframework.http.converter.HttpMessageNotReadableException: JSON parse error: Cannot deserialize value of type `java.time.LocalDateTime` from String "2021-05-04 17:29:01": Text '2021-05-04 17:29:01' could not be parsed at index 10; nested exception is com.fasterxml.jackson.databind.exc.InvalidFormatException: Cannot deserialize value of type `java.time.LocalDateTime` from String "2021-05-04 17:29:01": Text '2021-05-04 17:29:01' could not be parsed at index 10
 at [Source: (PushbackInputStream); line: 11, column: 10] (through reference chain: com.yicao.pmiapi.pojo.Complaint["date"])]
2021-05-11 23:51:28.589 [main] WARN  c.b.mybatisplus.core.metadata.TableInfoHelper - Warn: Could not find @TableId in Class: com.yicao.pmiapi.pojo.Worker.
2021-05-11 23:51:37.760 [http-nio-8081-exec-2] WARN  o.s.w.s.m.support.DefaultHandlerExceptionResolver - Resolved [org.springframework.http.converter.HttpMessageNotReadableException: JSON parse error: Cannot deserialize value of type `java.time.LocalDateTime` from String "2021-05-04 17:29:01": Text '2021-05-04 17:29:01' could not be parsed at index 10; nested exception is com.fasterxml.jackson.databind.exc.InvalidFormatException: Cannot deserialize value of type `java.time.LocalDateTime` from String "2021-05-04 17:29:01": Text '2021-05-04 17:29:01' could not be parsed at index 10
 at [Source: (PushbackInputStream); line: 11, column: 10] (through reference chain: com.yicao.pmiapi.pojo.Complaint["date"])]
2021-05-11 23:54:48.333 [main] WARN  c.b.mybatisplus.core.metadata.TableInfoHelper - Warn: Could not find @TableId in Class: com.yicao.pmiapi.pojo.Worker.
2021-05-11 23:54:59.118 [http-nio-8081-exec-1] WARN  o.s.w.s.m.support.DefaultHandlerExceptionResolver - Resolved [org.springframework.http.converter.HttpMessageNotReadableException: JSON parse error: Unexpected character ('}' (code 125)): was expecting double-quote to start field name; nested exception is com.fasterxml.jackson.core.JsonParseException: Unexpected character ('}' (code 125)): was expecting double-quote to start field name
 at [Source: (PushbackInputStream); line: 14, column: 2]]
