2021-05-17 10:49:15.792 [main] INFO  com.yicao.pmiapi.PmiapiApplication - Starting PmiapiApplication using Java 1.8.0_211 on DESKTOP-BUSU3VC with PID 808 (E:\System\Desktop\pmiapi\target\classes started by yicao in E:\System\Desktop\pmiapi)
2021-05-17 10:49:15.801 [main] INFO  com.yicao.pmiapi.PmiapiApplication - No active profile set, falling back to default profiles: default
2021-05-17 10:49:17.332 [main] INFO  o.s.boot.web.embedded.tomcat.TomcatWebServer - Tomcat initialized with port(s): 8081 (http)
2021-05-17 10:49:17.345 [main] INFO  org.apache.coyote.http11.Http11NioProtocol - Initializing ProtocolHandler ["http-nio-8081"]
2021-05-17 10:49:17.345 [main] INFO  org.apache.catalina.core.StandardService - Starting service [Tomcat]
2021-05-17 10:49:17.345 [main] INFO  org.apache.catalina.core.StandardEngine - Starting Servlet engine: [Apache Tomcat/9.0.45]
2021-05-17 10:49:17.436 [main] INFO  o.a.c.core.ContainerBase.[Tomcat].[localhost].[/] - Initializing Spring embedded WebApplicationContext
2021-05-17 10:49:17.436 [main] INFO  o.s.b.w.s.c.ServletWebServerApplicationContext - Root WebApplicationContext: initialization completed in 1570 ms
2021-05-17 10:49:20.652 [main] INFO  s.d.s.w.PropertySourcedRequestMappingHandlerMapping - Mapped URL path [/v2/api-docs] onto method [springfox.documentation.swagger2.web.Swagger2Controller#getDocumentation(String, HttpServletRequest)]
2021-05-17 10:49:21.003 [main] INFO  o.s.security.web.DefaultSecurityFilterChain - Will secure Ant [pattern='/login'] with []
2021-05-17 10:49:21.003 [main] INFO  o.s.security.web.DefaultSecurityFilterChain - Will secure Ant [pattern='/css/**'] with []
2021-05-17 10:49:21.003 [main] INFO  o.s.security.web.DefaultSecurityFilterChain - Will secure Ant [pattern='/js/**'] with []
2021-05-17 10:49:21.003 [main] INFO  o.s.security.web.DefaultSecurityFilterChain - Will secure Ant [pattern='/images/**'] with []
2021-05-17 10:49:21.003 [main] INFO  o.s.security.web.DefaultSecurityFilterChain - Will secure Ant [pattern='/index.html/**'] with []
2021-05-17 10:49:21.003 [main] INFO  o.s.security.web.DefaultSecurityFilterChain - Will secure Ant [pattern='favicon.ico'] with []
2021-05-17 10:49:21.003 [main] INFO  o.s.security.web.DefaultSecurityFilterChain - Will secure Ant [pattern='/doc.html'] with []
2021-05-17 10:49:21.003 [main] INFO  o.s.security.web.DefaultSecurityFilterChain - Will secure Ant [pattern='/webjars/**'] with []
2021-05-17 10:49:21.003 [main] INFO  o.s.security.web.DefaultSecurityFilterChain - Will secure Ant [pattern='/swagger-resources/**'] with []
2021-05-17 10:49:21.003 [main] INFO  o.s.security.web.DefaultSecurityFilterChain - Will secure Ant [pattern='/v2/api-docs/**'] with []
2021-05-17 10:49:21.003 [main] INFO  o.s.security.web.DefaultSecurityFilterChain - Will secure Ant [pattern='/captcha'] with []
2021-05-17 10:49:21.031 [main] INFO  o.s.security.web.DefaultSecurityFilterChain - Will secure any request with [org.springframework.security.web.context.request.async.WebAsyncManagerIntegrationFilter@71e7adbb, org.springframework.security.web.context.SecurityContextPersistenceFilter@6eb089e6, org.springframework.security.web.header.HeaderWriterFilter@6cae2e4d, org.springframework.web.filter.CorsFilter@53a9fcfd, org.springframework.security.web.authentication.logout.LogoutFilter@15d0d6c9, com.yicao.pmiapi.config.security.JwtAuthenticationTokenFilter@a96d56c, org.springframework.security.web.savedrequest.RequestCacheAwareFilter@3bc69ce9, org.springframework.security.web.servletapi.SecurityContextHolderAwareRequestFilter@2a47597, org.springframework.security.web.authentication.AnonymousAuthenticationFilter@32091c14, org.springframework.security.web.session.SessionManagementFilter@58324c9f, org.springframework.security.web.access.ExceptionTranslationFilter@7741771e, org.springframework.security.web.access.intercept.FilterSecurityInterceptor@23ad71bf]
2021-05-17 10:49:21.091 [main] INFO  org.apache.coyote.http11.Http11NioProtocol - Starting ProtocolHandler ["http-nio-8081"]
2021-05-17 10:49:21.101 [main] INFO  o.s.boot.web.embedded.tomcat.TomcatWebServer - Tomcat started on port(s): 8081 (http) with context path ''
2021-05-17 10:49:21.110 [main] INFO  s.d.s.web.plugins.DocumentationPluginsBootstrapper - Context refreshed
2021-05-17 10:49:21.121 [main] INFO  s.d.s.web.plugins.DocumentationPluginsBootstrapper - Found 1 custom documentation plugin(s)
2021-05-17 10:49:21.171 [main] INFO  s.d.spring.web.scanners.ApiListingReferenceScanner - Scanning for api listing references
2021-05-17 10:49:21.291 [main] INFO  s.d.s.w.r.operation.CachingOperationNameGenerator - Generating unique operation named: EditAreaUsingPUT_1
2021-05-17 10:49:21.322 [main] INFO  s.d.s.w.r.operation.CachingOperationNameGenerator - Generating unique operation named: getComplaintListByPageUsingGET_1
2021-05-17 10:49:21.341 [main] INFO  s.d.s.w.r.operation.CachingOperationNameGenerator - Generating unique operation named: EditAreaUsingPUT_2
2021-05-17 10:49:21.342 [main] INFO  s.d.s.w.r.operation.CachingOperationNameGenerator - Generating unique operation named: GetBuildingByIdUsingGET_1
2021-05-17 10:49:21.342 [main] INFO  s.d.s.w.r.operation.CachingOperationNameGenerator - Generating unique operation named: GetBuildingListByAreaIdUsingGET_1
2021-05-17 10:49:21.381 [main] INFO  s.d.s.w.r.operation.CachingOperationNameGenerator - Generating unique operation named: getComplaintListByPageUsingGET_2
2021-05-17 10:49:21.421 [main] INFO  s.d.s.w.r.operation.CachingOperationNameGenerator - Generating unique operation named: addNoticeUsingPOST_1
2021-05-17 10:49:21.421 [main] INFO  s.d.s.w.r.operation.CachingOperationNameGenerator - Generating unique operation named: deleteNoticeUsingDELETE_1
2021-05-17 10:49:21.421 [main] INFO  s.d.s.w.r.operation.CachingOperationNameGenerator - Generating unique operation named: editNoticeUsingPUT_1
2021-05-17 10:49:21.421 [main] INFO  s.d.s.w.r.operation.CachingOperationNameGenerator - Generating unique operation named: getNoticeByIdUsingGET_1
2021-05-17 10:49:21.421 [main] INFO  s.d.s.w.r.operation.CachingOperationNameGenerator - Generating unique operation named: getNoticeListByPageUsingGET_1
2021-05-17 10:49:21.442 [main] INFO  com.yicao.pmiapi.PmiapiApplication - Started PmiapiApplication in 6.316 seconds (JVM running for 8.332)
2021-05-17 10:57:30.599 [http-nio-8081-exec-2] INFO  o.a.c.core.ContainerBase.[Tomcat].[localhost].[/] - Initializing Spring DispatcherServlet 'dispatcherServlet'
2021-05-17 10:57:30.600 [http-nio-8081-exec-2] INFO  org.springframework.web.servlet.DispatcherServlet - Initializing Servlet 'dispatcherServlet'
2021-05-17 10:57:30.602 [http-nio-8081-exec-2] INFO  org.springframework.web.servlet.DispatcherServlet - Completed initialization in 2 ms
2021-05-17 10:57:32.058 [http-nio-8081-exec-3] INFO  com.alibaba.druid.pool.DruidDataSource - {dataSource-1} inited
2021-05-17 19:50:27.582 [main] INFO  com.yicao.pmiapi.PmiapiApplication - Starting PmiapiApplication using Java 1.8.0_211 on DESKTOP-BUSU3VC with PID 3344 (E:\System\Desktop\pmiapi\target\classes started by yicao in E:\System\Desktop\pmiapi)
2021-05-17 19:50:27.582 [main] INFO  com.yicao.pmiapi.PmiapiApplication - No active profile set, falling back to default profiles: default
2021-05-17 19:50:29.363 [main] INFO  o.s.boot.web.embedded.tomcat.TomcatWebServer - Tomcat initialized with port(s): 8081 (http)
2021-05-17 19:50:29.373 [main] INFO  org.apache.coyote.http11.Http11NioProtocol - Initializing ProtocolHandler ["http-nio-8081"]
2021-05-17 19:50:29.373 [main] INFO  org.apache.catalina.core.StandardService - Starting service [Tomcat]
2021-05-17 19:50:29.373 [main] INFO  org.apache.catalina.core.StandardEngine - Starting Servlet engine: [Apache Tomcat/9.0.45]
2021-05-17 19:50:29.493 [main] INFO  o.a.c.core.ContainerBase.[Tomcat].[localhost].[/] - Initializing Spring embedded WebApplicationContext
2021-05-17 19:50:29.493 [main] INFO  o.s.b.w.s.c.ServletWebServerApplicationContext - Root WebApplicationContext: initialization completed in 1841 ms
2021-05-17 19:50:32.769 [main] INFO  s.d.s.w.PropertySourcedRequestMappingHandlerMapping - Mapped URL path [/v2/api-docs] onto method [springfox.documentation.swagger2.web.Swagger2Controller#getDocumentation(String, HttpServletRequest)]
2021-05-17 19:50:33.098 [main] INFO  o.s.security.web.DefaultSecurityFilterChain - Will secure Ant [pattern='/login'] with []
2021-05-17 19:50:33.098 [main] INFO  o.s.security.web.DefaultSecurityFilterChain - Will secure Ant [pattern='/css/**'] with []
2021-05-17 19:50:33.098 [main] INFO  o.s.security.web.DefaultSecurityFilterChain - Will secure Ant [pattern='/js/**'] with []
2021-05-17 19:50:33.098 [main] INFO  o.s.security.web.DefaultSecurityFilterChain - Will secure Ant [pattern='/images/**'] with []
2021-05-17 19:50:33.098 [main] INFO  o.s.security.web.DefaultSecurityFilterChain - Will secure Ant [pattern='/index.html/**'] with []
2021-05-17 19:50:33.098 [main] INFO  o.s.security.web.DefaultSecurityFilterChain - Will secure Ant [pattern='favicon.ico'] with []
2021-05-17 19:50:33.098 [main] INFO  o.s.security.web.DefaultSecurityFilterChain - Will secure Ant [pattern='/doc.html'] with []
2021-05-17 19:50:33.098 [main] INFO  o.s.security.web.DefaultSecurityFilterChain - Will secure Ant [pattern='/webjars/**'] with []
2021-05-17 19:50:33.098 [main] INFO  o.s.security.web.DefaultSecurityFilterChain - Will secure Ant [pattern='/swagger-resources/**'] with []
2021-05-17 19:50:33.098 [main] INFO  o.s.security.web.DefaultSecurityFilterChain - Will secure Ant [pattern='/v2/api-docs/**'] with []
2021-05-17 19:50:33.098 [main] INFO  o.s.security.web.DefaultSecurityFilterChain - Will secure Ant [pattern='/captcha'] with []
2021-05-17 19:50:33.128 [main] INFO  o.s.security.web.DefaultSecurityFilterChain - Will secure any request with [org.springframework.security.web.context.request.async.WebAsyncManagerIntegrationFilter@629a9f26, org.springframework.security.web.context.SecurityContextPersistenceFilter@68ab6ab0, org.springframework.security.web.header.HeaderWriterFilter@cfd1075, org.springframework.web.filter.CorsFilter@332820f4, org.springframework.security.web.authentication.logout.LogoutFilter@11c713b7, com.yicao.pmiapi.config.security.JwtAuthenticationTokenFilter@3791f50e, org.springframework.security.web.savedrequest.RequestCacheAwareFilter@58324c9f, org.springframework.security.web.servletapi.SecurityContextHolderAwareRequestFilter@11dcd42c, org.springframework.security.web.authentication.AnonymousAuthenticationFilter@b791a81, org.springframework.security.web.session.SessionManagementFilter@79980d8d, org.springframework.security.web.access.ExceptionTranslationFilter@19fd43da, org.springframework.security.web.access.intercept.FilterSecurityInterceptor@7f13811b]
2021-05-17 19:50:33.188 [main] INFO  org.apache.coyote.http11.Http11NioProtocol - Starting ProtocolHandler ["http-nio-8081"]
2021-05-17 19:50:33.258 [main] INFO  o.s.boot.web.embedded.tomcat.TomcatWebServer - Tomcat started on port(s): 8081 (http) with context path ''
2021-05-17 19:50:33.258 [main] INFO  s.d.s.web.plugins.DocumentationPluginsBootstrapper - Context refreshed
2021-05-17 19:50:33.277 [main] INFO  s.d.s.web.plugins.DocumentationPluginsBootstrapper - Found 1 custom documentation plugin(s)
2021-05-17 19:50:33.347 [main] INFO  s.d.spring.web.scanners.ApiListingReferenceScanner - Scanning for api listing references
2021-05-17 19:50:33.467 [main] INFO  s.d.s.w.r.operation.CachingOperationNameGenerator - Generating unique operation named: EditAreaUsingPUT_1
2021-05-17 19:50:33.497 [main] INFO  s.d.s.w.r.operation.CachingOperationNameGenerator - Generating unique operation named: getComplaintListByPageUsingGET_1
2021-05-17 19:50:33.517 [main] INFO  s.d.s.w.r.operation.CachingOperationNameGenerator - Generating unique operation named: EditAreaUsingPUT_2
2021-05-17 19:50:33.517 [main] INFO  s.d.s.w.r.operation.CachingOperationNameGenerator - Generating unique operation named: GetBuildingByIdUsingGET_1
2021-05-17 19:50:33.517 [main] INFO  s.d.s.w.r.operation.CachingOperationNameGenerator - Generating unique operation named: GetBuildingListByAreaIdUsingGET_1
2021-05-17 19:50:33.577 [main] INFO  s.d.s.w.r.operation.CachingOperationNameGenerator - Generating unique operation named: getComplaintListByPageUsingGET_2
2021-05-17 19:50:33.622 [main] INFO  s.d.s.w.r.operation.CachingOperationNameGenerator - Generating unique operation named: addNoticeUsingPOST_1
2021-05-17 19:50:33.622 [main] INFO  s.d.s.w.r.operation.CachingOperationNameGenerator - Generating unique operation named: deleteNoticeUsingDELETE_1
2021-05-17 19:50:33.632 [main] INFO  s.d.s.w.r.operation.CachingOperationNameGenerator - Generating unique operation named: editNoticeUsingPUT_1
2021-05-17 19:50:33.632 [main] INFO  s.d.s.w.r.operation.CachingOperationNameGenerator - Generating unique operation named: getNoticeByIdUsingGET_1
2021-05-17 19:50:33.632 [main] INFO  s.d.s.w.r.operation.CachingOperationNameGenerator - Generating unique operation named: getNoticeListByPageUsingGET_1
2021-05-17 19:50:33.651 [main] INFO  com.yicao.pmiapi.PmiapiApplication - Started PmiapiApplication in 6.971 seconds (JVM running for 9.502)
2021-05-17 19:58:12.074 [http-nio-8081-exec-1] INFO  o.a.c.core.ContainerBase.[Tomcat].[localhost].[/] - Initializing Spring DispatcherServlet 'dispatcherServlet'
2021-05-17 19:58:12.074 [http-nio-8081-exec-1] INFO  org.springframework.web.servlet.DispatcherServlet - Initializing Servlet 'dispatcherServlet'
2021-05-17 19:58:12.076 [http-nio-8081-exec-1] INFO  org.springframework.web.servlet.DispatcherServlet - Completed initialization in 2 ms
2021-05-17 19:58:13.339 [http-nio-8081-exec-3] INFO  com.alibaba.druid.pool.DruidDataSource - {dataSource-1} inited
