2021-05-13 13:29:26.047 [main] WARN  c.b.mybatisplus.core.metadata.TableInfoHelper - Warn: Could not find @TableId in Class: com.yicao.pmiapi.pojo.Worker.
2021-05-13 13:45:36.561 [http-nio-8081-exec-10] WARN  o.s.w.s.m.support.DefaultHandlerExceptionResolver - Resolved [org.springframework.web.bind.MissingServletRequestParameterException: Required request parameter 'page' for method parameter type Integer is not present]
2021-05-13 13:51:49.291 [http-nio-8081-exec-5] WARN  o.s.w.s.m.support.DefaultHandlerExceptionResolver - Resolved [org.springframework.web.bind.MissingServletRequestParameterException: Required request parameter 'page' for method parameter type Integer is not present]
2021-05-13 13:56:44.570 [http-nio-8081-exec-7] WARN  o.s.w.s.m.support.DefaultHandlerExceptionResolver - Resolved [org.springframework.web.bind.MissingServletRequestParameterException: Required request parameter 'page' for method parameter type Integer is not present]
2021-05-13 15:58:14.560 [main] WARN  c.b.mybatisplus.core.metadata.TableInfoHelper - Warn: Could not find @TableId in Class: com.yicao.pmiapi.pojo.Worker.
2021-05-13 15:59:14.358 [main] WARN  c.b.mybatisplus.core.metadata.TableInfoHelper - Warn: Could not find @TableId in Class: com.yicao.pmiapi.pojo.Worker.
2021-05-13 16:34:26.275 [main] WARN  c.b.mybatisplus.core.metadata.TableInfoHelper - Warn: Could not find @TableId in Class: com.yicao.pmiapi.pojo.Worker.
2021-05-13 16:42:18.567 [main] WARN  c.b.mybatisplus.core.metadata.TableInfoHelper - Warn: Could not find @TableId in Class: com.yicao.pmiapi.pojo.Worker.
2021-05-13 16:46:11.845 [main] WARN  c.b.mybatisplus.core.metadata.TableInfoHelper - Warn: Could not find @TableId in Class: com.yicao.pmiapi.pojo.Worker.
2021-05-13 16:47:01.738 [main] WARN  c.b.mybatisplus.core.metadata.TableInfoHelper - Warn: Could not find @TableId in Class: com.yicao.pmiapi.pojo.Worker.
2021-05-13 16:52:14.689 [main] WARN  c.b.mybatisplus.core.metadata.TableInfoHelper - Warn: Could not find @TableId in Class: com.yicao.pmiapi.pojo.Worker.
2021-05-13 22:33:26.403 [main] WARN  c.b.mybatisplus.core.metadata.TableInfoHelper - Warn: Could not find @TableId in Class: com.yicao.pmiapi.pojo.Worker.
2021-05-13 22:36:29.712 [main] WARN  c.b.mybatisplus.core.metadata.TableInfoHelper - Warn: Could not find @TableId in Class: com.yicao.pmiapi.pojo.Worker.
2021-05-13 22:41:58.507 [main] WARN  c.b.mybatisplus.core.metadata.TableInfoHelper - Warn: Could not find @TableId in Class: com.yicao.pmiapi.pojo.Worker.
2021-05-13 22:43:10.183 [main] WARN  c.b.mybatisplus.core.metadata.TableInfoHelper - Warn: Could not find @TableId in Class: com.yicao.pmiapi.pojo.Worker.
2021-05-13 23:11:20.596 [http-nio-8081-exec-7] WARN  o.s.w.s.m.support.DefaultHandlerExceptionResolver - Resolved [org.springframework.web.HttpMediaTypeNotSupportedException: Content type 'application/x-www-form-urlencoded;charset=UTF-8' not supported]
2021-05-13 23:11:36.102 [http-nio-8081-exec-10] WARN  o.s.w.s.m.support.DefaultHandlerExceptionResolver - Resolved [org.springframework.web.HttpMediaTypeNotSupportedException: Content type 'application/x-www-form-urlencoded;charset=UTF-8' not supported]
2021-05-13 23:12:14.280 [http-nio-8081-exec-1] WARN  o.s.w.s.m.support.DefaultHandlerExceptionResolver - Resolved [org.springframework.web.HttpMediaTypeNotSupportedException: Content type 'application/x-www-form-urlencoded;charset=UTF-8' not supported]
2021-05-13 23:22:31.603 [main] WARN  c.b.mybatisplus.core.metadata.TableInfoHelper - Warn: Could not find @TableId in Class: com.yicao.pmiapi.pojo.Worker.
2021-05-13 23:22:47.415 [http-nio-8081-exec-3] WARN  o.s.w.s.m.support.DefaultHandlerExceptionResolver - Resolved [org.springframework.web.HttpMediaTypeNotSupportedException: Content type 'application/x-www-form-urlencoded;charset=UTF-8' not supported]
2021-05-13 23:33:07.410 [http-nio-8081-exec-5] WARN  o.s.w.s.m.support.DefaultHandlerExceptionResolver - Resolved [org.springframework.http.converter.HttpMessageNotReadableException: JSON parse error: Unexpected end-of-input: expected close marker for Object (start marker at [Source: (PushbackInputStream); line: 1, column: 1]); nested exception is com.fasterxml.jackson.core.io.JsonEOFException: Unexpected end-of-input: expected close marker for Object (start marker at [Source: (PushbackInputStream); line: 1, column: 1])
 at [Source: (PushbackInputStream); line: 2, column: 23]]
2021-05-13 23:33:09.769 [http-nio-8081-exec-6] WARN  o.s.w.s.m.support.DefaultHandlerExceptionResolver - Resolved [org.springframework.http.converter.HttpMessageNotReadableException: JSON parse error: Unexpected end-of-input: expected close marker for Object (start marker at [Source: (PushbackInputStream); line: 1, column: 1]); nested exception is com.fasterxml.jackson.core.io.JsonEOFException: Unexpected end-of-input: expected close marker for Object (start marker at [Source: (PushbackInputStream); line: 1, column: 1])
 at [Source: (PushbackInputStream); line: 2, column: 23]]
2021-05-13 23:33:10.785 [http-nio-8081-exec-7] WARN  o.s.w.s.m.support.DefaultHandlerExceptionResolver - Resolved [org.springframework.http.converter.HttpMessageNotReadableException: JSON parse error: Unexpected end-of-input: expected close marker for Object (start marker at [Source: (PushbackInputStream); line: 1, column: 1]); nested exception is com.fasterxml.jackson.core.io.JsonEOFException: Unexpected end-of-input: expected close marker for Object (start marker at [Source: (PushbackInputStream); line: 1, column: 1])
 at [Source: (PushbackInputStream); line: 2, column: 23]]
2021-05-13 23:33:12.886 [http-nio-8081-exec-8] WARN  o.s.w.s.m.support.DefaultHandlerExceptionResolver - Resolved [org.springframework.http.converter.HttpMessageNotReadableException: JSON parse error: Unexpected end-of-input: expected close marker for Object (start marker at [Source: (PushbackInputStream); line: 1, column: 1]); nested exception is com.fasterxml.jackson.core.io.JsonEOFException: Unexpected end-of-input: expected close marker for Object (start marker at [Source: (PushbackInputStream); line: 1, column: 1])
 at [Source: (PushbackInputStream); line: 2, column: 23]]
2021-05-13 23:33:17.928 [http-nio-8081-exec-9] WARN  o.s.w.s.m.support.DefaultHandlerExceptionResolver - Resolved [org.springframework.http.converter.HttpMessageNotReadableException: JSON parse error: Unexpected character ('}' (code 125)): was expecting double-quote to start field name; nested exception is com.fasterxml.jackson.core.JsonParseException: Unexpected character ('}' (code 125)): was expecting double-quote to start field name
 at [Source: (PushbackInputStream); line: 3, column: 2]]
2021-05-13 23:33:48.187 [http-nio-8081-exec-8] WARN  o.s.w.s.m.support.DefaultHandlerExceptionResolver - Resolved [org.springframework.http.converter.HttpMessageNotReadableException: JSON parse error: Illegal unquoted character ((CTRL-CHAR, code 10)): has to be escaped using backslash to be included in string value; nested exception is com.fasterxml.jackson.databind.JsonMappingException: Illegal unquoted character ((CTRL-CHAR, code 10)): has to be escaped using backslash to be included in string value
 at [Source: (PushbackInputStream); line: 2, column: 23] (through reference chain: com.yicao.pmiapi.pojo.AccountLoginParams["password"])]
2021-05-13 23:34:03.819 [http-nio-8081-exec-2] WARN  o.s.w.s.m.support.DefaultHandlerExceptionResolver - Resolved [org.springframework.http.converter.HttpMessageNotReadableException: JSON parse error: Unexpected character ('ï' (code 239)): was expecting comma to separate Object entries; nested exception is com.fasterxml.jackson.core.JsonParseException: Unexpected character ('ï' (code 239)): was expecting comma to separate Object entries
 at [Source: (PushbackInputStream); line: 2, column: 23]]
2021-05-13 23:36:38.125 [http-nio-8081-exec-5] WARN  o.s.w.s.m.support.DefaultHandlerExceptionResolver - Resolved [org.springframework.web.HttpMediaTypeNotSupportedException: Content type 'application/x-www-form-urlencoded;charset=UTF-8' not supported]
