2021-05-09 11:23:41.775 [main] INFO  com.yicao.pmiapi.PmiapiApplication - Starting PmiapiApplication using Java 1.8.0_211 on DESKTOP-BUSU3VC with PID 7684 (E:\System\Desktop\pmiapi\target\classes started by yicao in E:\System\Desktop\pmiapi)
2021-05-09 11:23:41.775 [main] INFO  com.yicao.pmiapi.PmiapiApplication - No active profile set, falling back to default profiles: default
2021-05-09 11:23:43.744 [main] INFO  o.s.boot.web.embedded.tomcat.TomcatWebServer - Tomcat initialized with port(s): 8081 (http)
2021-05-09 11:23:43.754 [main] INFO  org.apache.coyote.http11.Http11NioProtocol - Initializing ProtocolHandler ["http-nio-8081"]
2021-05-09 11:23:43.754 [main] INFO  org.apache.catalina.core.StandardService - Starting service [Tomcat]
2021-05-09 11:23:43.754 [main] INFO  org.apache.catalina.core.StandardEngine - Starting Servlet engine: [Apache Tomcat/9.0.45]
2021-05-09 11:23:44.054 [main] INFO  o.a.c.core.ContainerBase.[Tomcat].[localhost].[/] - Initializing Spring embedded WebApplicationContext
2021-05-09 11:23:44.054 [main] INFO  o.s.b.w.s.c.ServletWebServerApplicationContext - Root WebApplicationContext: initialization completed in 2199 ms
2021-05-09 11:23:48.212 [main] INFO  s.d.s.w.PropertySourcedRequestMappingHandlerMapping - Mapped URL path [/v2/api-docs] onto method [springfox.documentation.swagger2.web.Swagger2Controller#getDocumentation(String, HttpServletRequest)]
2021-05-09 11:23:48.332 [main] INFO  o.s.scheduling.concurrent.ThreadPoolTaskExecutor - Initializing ExecutorService 'applicationTaskExecutor'
2021-05-09 11:23:48.662 [main] INFO  o.s.security.web.DefaultSecurityFilterChain - Will secure Ant [pattern='/login'] with []
2021-05-09 11:23:48.662 [main] INFO  o.s.security.web.DefaultSecurityFilterChain - Will secure Ant [pattern='/css/**'] with []
2021-05-09 11:23:48.662 [main] INFO  o.s.security.web.DefaultSecurityFilterChain - Will secure Ant [pattern='/js/**'] with []
2021-05-09 11:23:48.662 [main] INFO  o.s.security.web.DefaultSecurityFilterChain - Will secure Ant [pattern='/images/**'] with []
2021-05-09 11:23:48.662 [main] INFO  o.s.security.web.DefaultSecurityFilterChain - Will secure Ant [pattern='/index.html/**'] with []
2021-05-09 11:23:48.662 [main] INFO  o.s.security.web.DefaultSecurityFilterChain - Will secure Ant [pattern='favicon.ico'] with []
2021-05-09 11:23:48.662 [main] INFO  o.s.security.web.DefaultSecurityFilterChain - Will secure Ant [pattern='/doc.html'] with []
2021-05-09 11:23:48.662 [main] INFO  o.s.security.web.DefaultSecurityFilterChain - Will secure Ant [pattern='/webjars/**'] with []
2021-05-09 11:23:48.662 [main] INFO  o.s.security.web.DefaultSecurityFilterChain - Will secure Ant [pattern='/swagger-resources/**'] with []
2021-05-09 11:23:48.662 [main] INFO  o.s.security.web.DefaultSecurityFilterChain - Will secure Ant [pattern='/v2/api-docs/**'] with []
2021-05-09 11:23:48.662 [main] INFO  o.s.security.web.DefaultSecurityFilterChain - Will secure Ant [pattern='/captcha'] with []
2021-05-09 11:23:48.692 [main] INFO  o.s.security.web.DefaultSecurityFilterChain - Will secure any request with [org.springframework.security.web.context.request.async.WebAsyncManagerIntegrationFilter@65629ac6, org.springframework.security.web.context.SecurityContextPersistenceFilter@f557c37, org.springframework.security.web.header.HeaderWriterFilter@39666e42, org.springframework.web.filter.CorsFilter@45bf6f39, org.springframework.security.web.authentication.logout.LogoutFilter@7b25ab31, com.yicao.pmiapi.config.security.JwtAuthenticationTokenFilter@424de326, org.springframework.security.web.savedrequest.RequestCacheAwareFilter@5856dbe4, org.springframework.security.web.servletapi.SecurityContextHolderAwareRequestFilter@746c411c, org.springframework.security.web.authentication.AnonymousAuthenticationFilter@56b8aaf1, org.springframework.security.web.session.SessionManagementFilter@79476a4e, org.springframework.security.web.access.ExceptionTranslationFilter@2291d9a0, org.springframework.security.web.access.intercept.FilterSecurityInterceptor@307e4c44]
2021-05-09 11:23:48.751 [main] INFO  org.apache.coyote.http11.Http11NioProtocol - Starting ProtocolHandler ["http-nio-8081"]
2021-05-09 11:23:48.771 [main] INFO  o.s.boot.web.embedded.tomcat.TomcatWebServer - Tomcat started on port(s): 8081 (http) with context path ''
2021-05-09 11:23:48.771 [main] INFO  s.d.s.web.plugins.DocumentationPluginsBootstrapper - Context refreshed
2021-05-09 11:23:48.791 [main] INFO  s.d.s.web.plugins.DocumentationPluginsBootstrapper - Found 1 custom documentation plugin(s)
2021-05-09 11:23:48.871 [main] INFO  s.d.spring.web.scanners.ApiListingReferenceScanner - Scanning for api listing references
2021-05-09 11:23:49.071 [main] INFO  s.d.s.w.r.operation.CachingOperationNameGenerator - Generating unique operation named: EditAreaUsingPUT_1
2021-05-09 11:23:49.101 [main] INFO  s.d.s.w.r.operation.CachingOperationNameGenerator - Generating unique operation named: EditAreaUsingPUT_2
2021-05-09 11:23:49.101 [main] INFO  s.d.s.w.r.operation.CachingOperationNameGenerator - Generating unique operation named: GetBuildingByIdUsingGET_1
2021-05-09 11:23:49.111 [main] INFO  s.d.s.w.r.operation.CachingOperationNameGenerator - Generating unique operation named: GetBuildingListByAreaIdUsingGET_1
2021-05-09 11:23:49.231 [main] INFO  com.yicao.pmiapi.PmiapiApplication - Started PmiapiApplication in 8.448 seconds (JVM running for 11.618)
2021-05-09 11:23:58.256 [http-nio-8081-exec-2] INFO  o.a.c.core.ContainerBase.[Tomcat].[localhost].[/] - Initializing Spring DispatcherServlet 'dispatcherServlet'
2021-05-09 11:23:58.256 [http-nio-8081-exec-2] INFO  org.springframework.web.servlet.DispatcherServlet - Initializing Servlet 'dispatcherServlet'
2021-05-09 11:23:58.261 [http-nio-8081-exec-2] INFO  org.springframework.web.servlet.DispatcherServlet - Completed initialization in 5 ms
2021-05-09 11:24:00.107 [http-nio-8081-exec-3] INFO  com.alibaba.druid.pool.DruidDataSource - {dataSource-1} inited
2021-05-09 13:03:34.255 [main] INFO  com.yicao.pmiapi.PmiapiApplication - Starting PmiapiApplication using Java 1.8.0_211 on DESKTOP-BUSU3VC with PID 10608 (E:\System\Desktop\pmiapi\target\classes started by yicao in E:\System\Desktop\pmiapi)
2021-05-09 13:03:34.255 [main] INFO  com.yicao.pmiapi.PmiapiApplication - No active profile set, falling back to default profiles: default
2021-05-09 13:03:36.144 [main] INFO  o.s.boot.web.embedded.tomcat.TomcatWebServer - Tomcat initialized with port(s): 8081 (http)
2021-05-09 13:03:36.164 [main] INFO  org.apache.coyote.http11.Http11NioProtocol - Initializing ProtocolHandler ["http-nio-8081"]
2021-05-09 13:03:36.164 [main] INFO  org.apache.catalina.core.StandardService - Starting service [Tomcat]
2021-05-09 13:03:36.164 [main] INFO  org.apache.catalina.core.StandardEngine - Starting Servlet engine: [Apache Tomcat/9.0.45]
2021-05-09 13:03:36.432 [main] INFO  o.a.c.core.ContainerBase.[Tomcat].[localhost].[/] - Initializing Spring embedded WebApplicationContext
2021-05-09 13:03:36.432 [main] INFO  o.s.b.w.s.c.ServletWebServerApplicationContext - Root WebApplicationContext: initialization completed in 2107 ms
2021-05-09 13:03:40.923 [main] INFO  s.d.s.w.PropertySourcedRequestMappingHandlerMapping - Mapped URL path [/v2/api-docs] onto method [springfox.documentation.swagger2.web.Swagger2Controller#getDocumentation(String, HttpServletRequest)]
2021-05-09 13:03:41.045 [main] INFO  o.s.scheduling.concurrent.ThreadPoolTaskExecutor - Initializing ExecutorService 'applicationTaskExecutor'
2021-05-09 13:03:41.344 [main] INFO  o.s.security.web.DefaultSecurityFilterChain - Will secure Ant [pattern='/login'] with []
2021-05-09 13:03:41.344 [main] INFO  o.s.security.web.DefaultSecurityFilterChain - Will secure Ant [pattern='/css/**'] with []
2021-05-09 13:03:41.344 [main] INFO  o.s.security.web.DefaultSecurityFilterChain - Will secure Ant [pattern='/js/**'] with []
2021-05-09 13:03:41.354 [main] INFO  o.s.security.web.DefaultSecurityFilterChain - Will secure Ant [pattern='/images/**'] with []
2021-05-09 13:03:41.354 [main] INFO  o.s.security.web.DefaultSecurityFilterChain - Will secure Ant [pattern='/index.html/**'] with []
2021-05-09 13:03:41.354 [main] INFO  o.s.security.web.DefaultSecurityFilterChain - Will secure Ant [pattern='favicon.ico'] with []
2021-05-09 13:03:41.354 [main] INFO  o.s.security.web.DefaultSecurityFilterChain - Will secure Ant [pattern='/doc.html'] with []
2021-05-09 13:03:41.354 [main] INFO  o.s.security.web.DefaultSecurityFilterChain - Will secure Ant [pattern='/webjars/**'] with []
2021-05-09 13:03:41.354 [main] INFO  o.s.security.web.DefaultSecurityFilterChain - Will secure Ant [pattern='/swagger-resources/**'] with []
2021-05-09 13:03:41.354 [main] INFO  o.s.security.web.DefaultSecurityFilterChain - Will secure Ant [pattern='/v2/api-docs/**'] with []
2021-05-09 13:03:41.354 [main] INFO  o.s.security.web.DefaultSecurityFilterChain - Will secure Ant [pattern='/captcha'] with []
2021-05-09 13:03:41.406 [main] INFO  o.s.security.web.DefaultSecurityFilterChain - Will secure any request with [org.springframework.security.web.context.request.async.WebAsyncManagerIntegrationFilter@2a8a3ada, org.springframework.security.web.context.SecurityContextPersistenceFilter@32f32623, org.springframework.security.web.header.HeaderWriterFilter@5974b7e8, org.springframework.web.filter.CorsFilter@e8ea697, org.springframework.security.web.authentication.logout.LogoutFilter@2a02e34b, com.yicao.pmiapi.config.security.JwtAuthenticationTokenFilter@4cbc2e3b, org.springframework.security.web.savedrequest.RequestCacheAwareFilter@6b9fdbc6, org.springframework.security.web.servletapi.SecurityContextHolderAwareRequestFilter@20c812c8, org.springframework.security.web.authentication.AnonymousAuthenticationFilter@500051c5, org.springframework.security.web.session.SessionManagementFilter@5a515e5d, org.springframework.security.web.access.ExceptionTranslationFilter@183ade54, org.springframework.security.web.access.intercept.FilterSecurityInterceptor@1f87607c]
2021-05-09 13:03:41.463 [main] INFO  org.apache.coyote.http11.Http11NioProtocol - Starting ProtocolHandler ["http-nio-8081"]
2021-05-09 13:03:41.488 [main] INFO  o.s.boot.web.embedded.tomcat.TomcatWebServer - Tomcat started on port(s): 8081 (http) with context path ''
2021-05-09 13:03:41.491 [main] INFO  s.d.s.web.plugins.DocumentationPluginsBootstrapper - Context refreshed
2021-05-09 13:03:41.516 [main] INFO  s.d.s.web.plugins.DocumentationPluginsBootstrapper - Found 1 custom documentation plugin(s)
2021-05-09 13:03:41.596 [main] INFO  s.d.spring.web.scanners.ApiListingReferenceScanner - Scanning for api listing references
2021-05-09 13:03:41.765 [main] INFO  s.d.s.w.r.operation.CachingOperationNameGenerator - Generating unique operation named: EditAreaUsingPUT_1
2021-05-09 13:03:41.785 [main] INFO  s.d.s.w.r.operation.CachingOperationNameGenerator - Generating unique operation named: EditAreaUsingPUT_2
2021-05-09 13:03:41.795 [main] INFO  s.d.s.w.r.operation.CachingOperationNameGenerator - Generating unique operation named: GetBuildingByIdUsingGET_1
2021-05-09 13:03:41.795 [main] INFO  s.d.s.w.r.operation.CachingOperationNameGenerator - Generating unique operation named: GetBuildingListByAreaIdUsingGET_1
2021-05-09 13:03:41.895 [main] INFO  com.yicao.pmiapi.PmiapiApplication - Started PmiapiApplication in 8.771 seconds (JVM running for 13.731)
2021-05-09 13:11:53.302 [main] INFO  com.yicao.pmiapi.PmiapiApplication - Starting PmiapiApplication using Java 1.8.0_211 on DESKTOP-BUSU3VC with PID 9744 (E:\System\Desktop\pmiapi\target\classes started by yicao in E:\System\Desktop\pmiapi)
2021-05-09 13:11:53.302 [main] INFO  com.yicao.pmiapi.PmiapiApplication - No active profile set, falling back to default profiles: default
2021-05-09 13:11:54.958 [main] INFO  o.s.boot.web.embedded.tomcat.TomcatWebServer - Tomcat initialized with port(s): 8081 (http)
2021-05-09 13:11:54.968 [main] INFO  org.apache.coyote.http11.Http11NioProtocol - Initializing ProtocolHandler ["http-nio-8081"]
2021-05-09 13:11:54.968 [main] INFO  org.apache.catalina.core.StandardService - Starting service [Tomcat]
2021-05-09 13:11:54.968 [main] INFO  org.apache.catalina.core.StandardEngine - Starting Servlet engine: [Apache Tomcat/9.0.45]
2021-05-09 13:11:55.058 [main] INFO  o.a.c.core.ContainerBase.[Tomcat].[localhost].[/] - Initializing Spring embedded WebApplicationContext
2021-05-09 13:11:55.058 [main] INFO  o.s.b.w.s.c.ServletWebServerApplicationContext - Root WebApplicationContext: initialization completed in 1571 ms
2021-05-09 13:11:58.894 [main] INFO  s.d.s.w.PropertySourcedRequestMappingHandlerMapping - Mapped URL path [/v2/api-docs] onto method [springfox.documentation.swagger2.web.Swagger2Controller#getDocumentation(String, HttpServletRequest)]
2021-05-09 13:11:59.033 [main] INFO  o.s.scheduling.concurrent.ThreadPoolTaskExecutor - Initializing ExecutorService 'applicationTaskExecutor'
2021-05-09 13:11:59.380 [main] INFO  o.s.security.web.DefaultSecurityFilterChain - Will secure Ant [pattern='/login'] with []
2021-05-09 13:11:59.380 [main] INFO  o.s.security.web.DefaultSecurityFilterChain - Will secure Ant [pattern='/css/**'] with []
2021-05-09 13:11:59.380 [main] INFO  o.s.security.web.DefaultSecurityFilterChain - Will secure Ant [pattern='/js/**'] with []
2021-05-09 13:11:59.380 [main] INFO  o.s.security.web.DefaultSecurityFilterChain - Will secure Ant [pattern='/images/**'] with []
2021-05-09 13:11:59.381 [main] INFO  o.s.security.web.DefaultSecurityFilterChain - Will secure Ant [pattern='/index.html/**'] with []
2021-05-09 13:11:59.381 [main] INFO  o.s.security.web.DefaultSecurityFilterChain - Will secure Ant [pattern='favicon.ico'] with []
2021-05-09 13:11:59.381 [main] INFO  o.s.security.web.DefaultSecurityFilterChain - Will secure Ant [pattern='/doc.html'] with []
2021-05-09 13:11:59.381 [main] INFO  o.s.security.web.DefaultSecurityFilterChain - Will secure Ant [pattern='/webjars/**'] with []
2021-05-09 13:11:59.381 [main] INFO  o.s.security.web.DefaultSecurityFilterChain - Will secure Ant [pattern='/swagger-resources/**'] with []
2021-05-09 13:11:59.381 [main] INFO  o.s.security.web.DefaultSecurityFilterChain - Will secure Ant [pattern='/v2/api-docs/**'] with []
2021-05-09 13:11:59.381 [main] INFO  o.s.security.web.DefaultSecurityFilterChain - Will secure Ant [pattern='/captcha'] with []
2021-05-09 13:11:59.410 [main] INFO  o.s.security.web.DefaultSecurityFilterChain - Will secure any request with [org.springframework.security.web.context.request.async.WebAsyncManagerIntegrationFilter@ec7b5de, org.springframework.security.web.context.SecurityContextPersistenceFilter@6b9fdbc6, org.springframework.security.web.header.HeaderWriterFilter@66bf40e5, org.springframework.web.filter.CorsFilter@74dbb1ee, org.springframework.security.web.authentication.logout.LogoutFilter@5b000fe6, com.yicao.pmiapi.config.security.JwtAuthenticationTokenFilter@2975a9e, org.springframework.security.web.savedrequest.RequestCacheAwareFilter@52ae997b, org.springframework.security.web.servletapi.SecurityContextHolderAwareRequestFilter@7061622, org.springframework.security.web.authentication.AnonymousAuthenticationFilter@4c19d42e, org.springframework.security.web.session.SessionManagementFilter@32f32623, org.springframework.security.web.access.ExceptionTranslationFilter@5974b7e8, org.springframework.security.web.access.intercept.FilterSecurityInterceptor@6ddee60f]
2021-05-09 13:11:59.458 [main] INFO  org.apache.coyote.http11.Http11NioProtocol - Starting ProtocolHandler ["http-nio-8081"]
2021-05-09 13:11:59.485 [main] INFO  o.s.boot.web.embedded.tomcat.TomcatWebServer - Tomcat started on port(s): 8081 (http) with context path ''
2021-05-09 13:11:59.488 [main] INFO  s.d.s.web.plugins.DocumentationPluginsBootstrapper - Context refreshed
2021-05-09 13:11:59.526 [main] INFO  s.d.s.web.plugins.DocumentationPluginsBootstrapper - Found 1 custom documentation plugin(s)
2021-05-09 13:11:59.675 [main] INFO  s.d.spring.web.scanners.ApiListingReferenceScanner - Scanning for api listing references
2021-05-09 13:11:59.849 [main] INFO  s.d.s.w.r.operation.CachingOperationNameGenerator - Generating unique operation named: EditAreaUsingPUT_1
2021-05-09 13:11:59.885 [main] INFO  s.d.s.w.r.operation.CachingOperationNameGenerator - Generating unique operation named: EditAreaUsingPUT_2
2021-05-09 13:11:59.890 [main] INFO  s.d.s.w.r.operation.CachingOperationNameGenerator - Generating unique operation named: GetBuildingByIdUsingGET_1
2021-05-09 13:11:59.894 [main] INFO  s.d.s.w.r.operation.CachingOperationNameGenerator - Generating unique operation named: GetBuildingListByAreaIdUsingGET_1
2021-05-09 13:11:59.996 [main] INFO  com.yicao.pmiapi.PmiapiApplication - Started PmiapiApplication in 7.797 seconds (JVM running for 10.063)
2021-05-09 13:12:23.004 [http-nio-8081-exec-1] INFO  o.a.c.core.ContainerBase.[Tomcat].[localhost].[/] - Initializing Spring DispatcherServlet 'dispatcherServlet'
2021-05-09 13:12:23.004 [http-nio-8081-exec-1] INFO  org.springframework.web.servlet.DispatcherServlet - Initializing Servlet 'dispatcherServlet'
2021-05-09 13:12:23.006 [http-nio-8081-exec-1] INFO  org.springframework.web.servlet.DispatcherServlet - Completed initialization in 2 ms
2021-05-09 13:12:24.568 [http-nio-8081-exec-3] INFO  com.alibaba.druid.pool.DruidDataSource - {dataSource-1} inited
2021-05-09 14:35:20.908 [main] INFO  com.yicao.pmiapi.PmiapiApplication - Starting PmiapiApplication using Java 1.8.0_211 on DESKTOP-BUSU3VC with PID 18664 (E:\System\Desktop\pmiapi\target\classes started by yicao in E:\System\Desktop\pmiapi)
2021-05-09 14:35:20.913 [main] INFO  com.yicao.pmiapi.PmiapiApplication - No active profile set, falling back to default profiles: default
2021-05-09 14:35:22.639 [main] INFO  o.s.boot.web.embedded.tomcat.TomcatWebServer - Tomcat initialized with port(s): 8081 (http)
2021-05-09 14:35:22.649 [main] INFO  org.apache.coyote.http11.Http11NioProtocol - Initializing ProtocolHandler ["http-nio-8081"]
2021-05-09 14:35:22.650 [main] INFO  org.apache.catalina.core.StandardService - Starting service [Tomcat]
2021-05-09 14:35:22.651 [main] INFO  org.apache.catalina.core.StandardEngine - Starting Servlet engine: [Apache Tomcat/9.0.45]
2021-05-09 14:35:22.756 [main] INFO  o.a.c.core.ContainerBase.[Tomcat].[localhost].[/] - Initializing Spring embedded WebApplicationContext
2021-05-09 14:35:22.757 [main] INFO  o.s.b.w.s.c.ServletWebServerApplicationContext - Root WebApplicationContext: initialization completed in 1723 ms
2021-05-09 14:35:26.204 [main] INFO  s.d.s.w.PropertySourcedRequestMappingHandlerMapping - Mapped URL path [/v2/api-docs] onto method [springfox.documentation.swagger2.web.Swagger2Controller#getDocumentation(String, HttpServletRequest)]
2021-05-09 14:35:26.290 [main] INFO  o.s.scheduling.concurrent.ThreadPoolTaskExecutor - Initializing ExecutorService 'applicationTaskExecutor'
2021-05-09 14:35:26.486 [main] INFO  o.s.security.web.DefaultSecurityFilterChain - Will secure Ant [pattern='/login'] with []
2021-05-09 14:35:26.487 [main] INFO  o.s.security.web.DefaultSecurityFilterChain - Will secure Ant [pattern='/css/**'] with []
2021-05-09 14:35:26.487 [main] INFO  o.s.security.web.DefaultSecurityFilterChain - Will secure Ant [pattern='/js/**'] with []
2021-05-09 14:35:26.487 [main] INFO  o.s.security.web.DefaultSecurityFilterChain - Will secure Ant [pattern='/images/**'] with []
2021-05-09 14:35:26.487 [main] INFO  o.s.security.web.DefaultSecurityFilterChain - Will secure Ant [pattern='/index.html/**'] with []
2021-05-09 14:35:26.488 [main] INFO  o.s.security.web.DefaultSecurityFilterChain - Will secure Ant [pattern='favicon.ico'] with []
2021-05-09 14:35:26.488 [main] INFO  o.s.security.web.DefaultSecurityFilterChain - Will secure Ant [pattern='/doc.html'] with []
2021-05-09 14:35:26.488 [main] INFO  o.s.security.web.DefaultSecurityFilterChain - Will secure Ant [pattern='/webjars/**'] with []
2021-05-09 14:35:26.488 [main] INFO  o.s.security.web.DefaultSecurityFilterChain - Will secure Ant [pattern='/swagger-resources/**'] with []
2021-05-09 14:35:26.488 [main] INFO  o.s.security.web.DefaultSecurityFilterChain - Will secure Ant [pattern='/v2/api-docs/**'] with []
2021-05-09 14:35:26.488 [main] INFO  o.s.security.web.DefaultSecurityFilterChain - Will secure Ant [pattern='/captcha'] with []
2021-05-09 14:35:26.515 [main] INFO  o.s.security.web.DefaultSecurityFilterChain - Will secure any request with [org.springframework.security.web.context.request.async.WebAsyncManagerIntegrationFilter@4c19d42e, org.springframework.security.web.context.SecurityContextPersistenceFilter@79476a4e, org.springframework.security.web.header.HeaderWriterFilter@2291d9a0, org.springframework.web.filter.CorsFilter@74dbb1ee, org.springframework.security.web.authentication.logout.LogoutFilter@4751e8b9, com.yicao.pmiapi.config.security.JwtAuthenticationTokenFilter@2975a9e, org.springframework.security.web.savedrequest.RequestCacheAwareFilter@f557c37, org.springframework.security.web.servletapi.SecurityContextHolderAwareRequestFilter@32d418a9, org.springframework.security.web.authentication.AnonymousAuthenticationFilter@373e6b9d, org.springframework.security.web.session.SessionManagementFilter@3becc950, org.springframework.security.web.access.ExceptionTranslationFilter@2839e3c8, org.springframework.security.web.access.intercept.FilterSecurityInterceptor@6e829e50]
2021-05-09 14:35:26.559 [main] INFO  org.apache.coyote.http11.Http11NioProtocol - Starting ProtocolHandler ["http-nio-8081"]
2021-05-09 14:35:26.583 [main] INFO  o.s.boot.web.embedded.tomcat.TomcatWebServer - Tomcat started on port(s): 8081 (http) with context path ''
2021-05-09 14:35:26.584 [main] INFO  s.d.s.web.plugins.DocumentationPluginsBootstrapper - Context refreshed
2021-05-09 14:35:26.601 [main] INFO  s.d.s.web.plugins.DocumentationPluginsBootstrapper - Found 1 custom documentation plugin(s)
2021-05-09 14:35:26.669 [main] INFO  s.d.spring.web.scanners.ApiListingReferenceScanner - Scanning for api listing references
2021-05-09 14:35:26.807 [main] INFO  s.d.s.w.r.operation.CachingOperationNameGenerator - Generating unique operation named: EditAreaUsingPUT_1
2021-05-09 14:35:26.839 [main] INFO  s.d.s.w.r.operation.CachingOperationNameGenerator - Generating unique operation named: EditAreaUsingPUT_2
2021-05-09 14:35:26.842 [main] INFO  s.d.s.w.r.operation.CachingOperationNameGenerator - Generating unique operation named: GetBuildingByIdUsingGET_1
2021-05-09 14:35:26.845 [main] INFO  s.d.s.w.r.operation.CachingOperationNameGenerator - Generating unique operation named: GetBuildingListByAreaIdUsingGET_1
2021-05-09 14:35:26.930 [main] INFO  com.yicao.pmiapi.PmiapiApplication - Started PmiapiApplication in 6.87 seconds (JVM running for 9.639)
2021-05-09 14:52:49.981 [main] INFO  com.yicao.pmiapi.PmiapiApplication - Starting PmiapiApplication using Java 1.8.0_211 on DESKTOP-BUSU3VC with PID 4212 (E:\System\Desktop\pmiapi\target\classes started by yicao in E:\System\Desktop\pmiapi)
2021-05-09 14:52:49.981 [main] INFO  com.yicao.pmiapi.PmiapiApplication - No active profile set, falling back to default profiles: default
2021-05-09 14:52:51.490 [main] INFO  o.s.boot.web.embedded.tomcat.TomcatWebServer - Tomcat initialized with port(s): 8081 (http)
2021-05-09 14:52:51.500 [main] INFO  org.apache.coyote.http11.Http11NioProtocol - Initializing ProtocolHandler ["http-nio-8081"]
2021-05-09 14:52:51.500 [main] INFO  org.apache.catalina.core.StandardService - Starting service [Tomcat]
2021-05-09 14:52:51.500 [main] INFO  org.apache.catalina.core.StandardEngine - Starting Servlet engine: [Apache Tomcat/9.0.45]
2021-05-09 14:52:51.610 [main] INFO  o.a.c.core.ContainerBase.[Tomcat].[localhost].[/] - Initializing Spring embedded WebApplicationContext
2021-05-09 14:52:51.610 [main] INFO  o.s.b.w.s.c.ServletWebServerApplicationContext - Root WebApplicationContext: initialization completed in 1569 ms
2021-05-09 14:52:54.878 [main] INFO  s.d.s.w.PropertySourcedRequestMappingHandlerMapping - Mapped URL path [/v2/api-docs] onto method [springfox.documentation.swagger2.web.Swagger2Controller#getDocumentation(String, HttpServletRequest)]
2021-05-09 14:52:54.968 [main] INFO  o.s.scheduling.concurrent.ThreadPoolTaskExecutor - Initializing ExecutorService 'applicationTaskExecutor'
2021-05-09 14:52:55.148 [main] INFO  o.s.security.web.DefaultSecurityFilterChain - Will secure Ant [pattern='/login'] with []
2021-05-09 14:52:55.158 [main] INFO  o.s.security.web.DefaultSecurityFilterChain - Will secure Ant [pattern='/css/**'] with []
2021-05-09 14:52:55.158 [main] INFO  o.s.security.web.DefaultSecurityFilterChain - Will secure Ant [pattern='/js/**'] with []
2021-05-09 14:52:55.158 [main] INFO  o.s.security.web.DefaultSecurityFilterChain - Will secure Ant [pattern='/images/**'] with []
2021-05-09 14:52:55.158 [main] INFO  o.s.security.web.DefaultSecurityFilterChain - Will secure Ant [pattern='/index.html/**'] with []
2021-05-09 14:52:55.158 [main] INFO  o.s.security.web.DefaultSecurityFilterChain - Will secure Ant [pattern='favicon.ico'] with []
2021-05-09 14:52:55.158 [main] INFO  o.s.security.web.DefaultSecurityFilterChain - Will secure Ant [pattern='/doc.html'] with []
2021-05-09 14:52:55.158 [main] INFO  o.s.security.web.DefaultSecurityFilterChain - Will secure Ant [pattern='/webjars/**'] with []
2021-05-09 14:52:55.158 [main] INFO  o.s.security.web.DefaultSecurityFilterChain - Will secure Ant [pattern='/swagger-resources/**'] with []
2021-05-09 14:52:55.158 [main] INFO  o.s.security.web.DefaultSecurityFilterChain - Will secure Ant [pattern='/v2/api-docs/**'] with []
2021-05-09 14:52:55.158 [main] INFO  o.s.security.web.DefaultSecurityFilterChain - Will secure Ant [pattern='/captcha'] with []
2021-05-09 14:52:55.178 [main] INFO  o.s.security.web.DefaultSecurityFilterChain - Will secure any request with [org.springframework.security.web.context.request.async.WebAsyncManagerIntegrationFilter@373e6b9d, org.springframework.security.web.context.SecurityContextPersistenceFilter@52ae997b, org.springframework.security.web.header.HeaderWriterFilter@5e26f1ed, org.springframework.web.filter.CorsFilter@74dbb1ee, org.springframework.security.web.authentication.logout.LogoutFilter@7af443a3, com.yicao.pmiapi.config.security.JwtAuthenticationTokenFilter@2975a9e, org.springframework.security.web.savedrequest.RequestCacheAwareFilter@1a01d7f0, org.springframework.security.web.servletapi.SecurityContextHolderAwareRequestFilter@52ea0269, org.springframework.security.web.authentication.AnonymousAuthenticationFilter@65629ac6, org.springframework.security.web.session.SessionManagementFilter@6b9fdbc6, org.springframework.security.web.access.ExceptionTranslationFilter@66bf40e5, org.springframework.security.web.access.intercept.FilterSecurityInterceptor@4aa2877c]
2021-05-09 14:52:55.218 [main] INFO  org.apache.coyote.http11.Http11NioProtocol - Starting ProtocolHandler ["http-nio-8081"]
2021-05-09 14:52:55.248 [main] INFO  o.s.boot.web.embedded.tomcat.TomcatWebServer - Tomcat started on port(s): 8081 (http) with context path ''
2021-05-09 14:52:55.248 [main] INFO  s.d.s.web.plugins.DocumentationPluginsBootstrapper - Context refreshed
2021-05-09 14:52:55.258 [main] INFO  s.d.s.web.plugins.DocumentationPluginsBootstrapper - Found 1 custom documentation plugin(s)
2021-05-09 14:52:55.328 [main] INFO  s.d.spring.web.scanners.ApiListingReferenceScanner - Scanning for api listing references
2021-05-09 14:52:55.448 [main] INFO  s.d.s.w.r.operation.CachingOperationNameGenerator - Generating unique operation named: EditAreaUsingPUT_1
2021-05-09 14:52:55.478 [main] INFO  s.d.s.w.r.operation.CachingOperationNameGenerator - Generating unique operation named: EditAreaUsingPUT_2
2021-05-09 14:52:55.488 [main] INFO  s.d.s.w.r.operation.CachingOperationNameGenerator - Generating unique operation named: GetBuildingByIdUsingGET_1
2021-05-09 14:52:55.488 [main] INFO  s.d.s.w.r.operation.CachingOperationNameGenerator - Generating unique operation named: GetBuildingListByAreaIdUsingGET_1
2021-05-09 14:52:55.578 [main] INFO  com.yicao.pmiapi.PmiapiApplication - Started PmiapiApplication in 6.379 seconds (JVM running for 8.572)
2021-05-09 14:53:25.210 [http-nio-8081-exec-1] INFO  o.a.c.core.ContainerBase.[Tomcat].[localhost].[/] - Initializing Spring DispatcherServlet 'dispatcherServlet'
2021-05-09 14:53:25.211 [http-nio-8081-exec-1] INFO  org.springframework.web.servlet.DispatcherServlet - Initializing Servlet 'dispatcherServlet'
2021-05-09 14:53:25.212 [http-nio-8081-exec-1] INFO  org.springframework.web.servlet.DispatcherServlet - Completed initialization in 1 ms
2021-05-09 14:53:39.396 [http-nio-8081-exec-7] INFO  com.alibaba.druid.pool.DruidDataSource - {dataSource-1} inited
2021-05-09 15:50:28.334 [main] INFO  com.yicao.pmiapi.PmiapiApplication - Starting PmiapiApplication using Java 1.8.0_211 on DESKTOP-BUSU3VC with PID 13500 (E:\System\Desktop\pmiapi\target\classes started by yicao in E:\System\Desktop\pmiapi)
2021-05-09 15:50:28.339 [main] INFO  com.yicao.pmiapi.PmiapiApplication - No active profile set, falling back to default profiles: default
2021-05-09 15:50:29.931 [main] INFO  o.s.boot.web.embedded.tomcat.TomcatWebServer - Tomcat initialized with port(s): 8081 (http)
2021-05-09 15:50:29.941 [main] INFO  org.apache.coyote.http11.Http11NioProtocol - Initializing ProtocolHandler ["http-nio-8081"]
2021-05-09 15:50:29.942 [main] INFO  org.apache.catalina.core.StandardService - Starting service [Tomcat]
2021-05-09 15:50:29.943 [main] INFO  org.apache.catalina.core.StandardEngine - Starting Servlet engine: [Apache Tomcat/9.0.45]
2021-05-09 15:50:30.044 [main] INFO  o.a.c.core.ContainerBase.[Tomcat].[localhost].[/] - Initializing Spring embedded WebApplicationContext
2021-05-09 15:50:30.045 [main] INFO  o.s.b.w.s.c.ServletWebServerApplicationContext - Root WebApplicationContext: initialization completed in 1646 ms
2021-05-09 15:50:33.378 [main] INFO  s.d.s.w.PropertySourcedRequestMappingHandlerMapping - Mapped URL path [/v2/api-docs] onto method [springfox.documentation.swagger2.web.Swagger2Controller#getDocumentation(String, HttpServletRequest)]
2021-05-09 15:50:33.468 [main] INFO  o.s.scheduling.concurrent.ThreadPoolTaskExecutor - Initializing ExecutorService 'applicationTaskExecutor'
2021-05-09 15:50:33.658 [main] INFO  o.s.security.web.DefaultSecurityFilterChain - Will secure Ant [pattern='/login'] with []
2021-05-09 15:50:33.658 [main] INFO  o.s.security.web.DefaultSecurityFilterChain - Will secure Ant [pattern='/css/**'] with []
2021-05-09 15:50:33.658 [main] INFO  o.s.security.web.DefaultSecurityFilterChain - Will secure Ant [pattern='/js/**'] with []
2021-05-09 15:50:33.658 [main] INFO  o.s.security.web.DefaultSecurityFilterChain - Will secure Ant [pattern='/images/**'] with []
2021-05-09 15:50:33.658 [main] INFO  o.s.security.web.DefaultSecurityFilterChain - Will secure Ant [pattern='/index.html/**'] with []
2021-05-09 15:50:33.658 [main] INFO  o.s.security.web.DefaultSecurityFilterChain - Will secure Ant [pattern='favicon.ico'] with []
2021-05-09 15:50:33.658 [main] INFO  o.s.security.web.DefaultSecurityFilterChain - Will secure Ant [pattern='/doc.html'] with []
2021-05-09 15:50:33.658 [main] INFO  o.s.security.web.DefaultSecurityFilterChain - Will secure Ant [pattern='/webjars/**'] with []
2021-05-09 15:50:33.658 [main] INFO  o.s.security.web.DefaultSecurityFilterChain - Will secure Ant [pattern='/swagger-resources/**'] with []
2021-05-09 15:50:33.658 [main] INFO  o.s.security.web.DefaultSecurityFilterChain - Will secure Ant [pattern='/v2/api-docs/**'] with []
2021-05-09 15:50:33.658 [main] INFO  o.s.security.web.DefaultSecurityFilterChain - Will secure Ant [pattern='/captcha'] with []
2021-05-09 15:50:33.688 [main] INFO  o.s.security.web.DefaultSecurityFilterChain - Will secure any request with [org.springframework.security.web.context.request.async.WebAsyncManagerIntegrationFilter@33bb3f86, org.springframework.security.web.context.SecurityContextPersistenceFilter@20c812c8, org.springframework.security.web.header.HeaderWriterFilter@423a0e1d, org.springframework.web.filter.CorsFilter@17a703f5, org.springframework.security.web.authentication.logout.LogoutFilter@4f379769, com.yicao.pmiapi.config.security.JwtAuthenticationTokenFilter@4bc33720, org.springframework.security.web.savedrequest.RequestCacheAwareFilter@7061622, org.springframework.security.web.servletapi.SecurityContextHolderAwareRequestFilter@4da1f38a, org.springframework.security.web.authentication.AnonymousAuthenticationFilter@1946384, org.springframework.security.web.session.SessionManagementFilter@5a058be5, org.springframework.security.web.access.ExceptionTranslationFilter@6a6c7f42, org.springframework.security.web.access.intercept.FilterSecurityInterceptor@65629ac6]
2021-05-09 15:50:33.728 [main] INFO  org.apache.coyote.http11.Http11NioProtocol - Starting ProtocolHandler ["http-nio-8081"]
2021-05-09 15:50:33.748 [main] INFO  o.s.boot.web.embedded.tomcat.TomcatWebServer - Tomcat started on port(s): 8081 (http) with context path ''
2021-05-09 15:50:33.748 [main] INFO  s.d.s.web.plugins.DocumentationPluginsBootstrapper - Context refreshed
2021-05-09 15:50:33.778 [main] INFO  s.d.s.web.plugins.DocumentationPluginsBootstrapper - Found 1 custom documentation plugin(s)
2021-05-09 15:50:33.860 [main] INFO  s.d.spring.web.scanners.ApiListingReferenceScanner - Scanning for api listing references
2021-05-09 15:50:34.037 [main] INFO  s.d.s.w.r.operation.CachingOperationNameGenerator - Generating unique operation named: EditAreaUsingPUT_1
2021-05-09 15:50:34.075 [main] INFO  s.d.s.w.r.operation.CachingOperationNameGenerator - Generating unique operation named: EditAreaUsingPUT_2
2021-05-09 15:50:34.080 [main] INFO  s.d.s.w.r.operation.CachingOperationNameGenerator - Generating unique operation named: GetBuildingByIdUsingGET_1
2021-05-09 15:50:34.084 [main] INFO  s.d.s.w.r.operation.CachingOperationNameGenerator - Generating unique operation named: GetBuildingListByAreaIdUsingGET_1
2021-05-09 15:50:34.208 [main] INFO  com.yicao.pmiapi.PmiapiApplication - Started PmiapiApplication in 6.604 seconds (JVM running for 9.047)
2021-05-09 15:50:41.464 [http-nio-8081-exec-1] INFO  o.a.c.core.ContainerBase.[Tomcat].[localhost].[/] - Initializing Spring DispatcherServlet 'dispatcherServlet'
2021-05-09 15:50:41.465 [http-nio-8081-exec-1] INFO  org.springframework.web.servlet.DispatcherServlet - Initializing Servlet 'dispatcherServlet'
2021-05-09 15:50:41.466 [http-nio-8081-exec-1] INFO  org.springframework.web.servlet.DispatcherServlet - Completed initialization in 1 ms
2021-05-09 15:50:42.973 [http-nio-8081-exec-1] INFO  com.alibaba.druid.pool.DruidDataSource - {dataSource-1} inited
2021-05-09 21:24:35.279 [main] INFO  com.yicao.pmiapi.PmiapiApplication - Starting PmiapiApplication using Java 1.8.0_211 on DESKTOP-BUSU3VC with PID 8704 (E:\System\Desktop\pmiapi\target\classes started by yicao in E:\System\Desktop\pmiapi)
2021-05-09 21:24:35.289 [main] INFO  com.yicao.pmiapi.PmiapiApplication - No active profile set, falling back to default profiles: default
2021-05-09 21:24:36.958 [main] INFO  o.s.boot.web.embedded.tomcat.TomcatWebServer - Tomcat initialized with port(s): 8081 (http)
2021-05-09 21:24:36.968 [main] INFO  org.apache.coyote.http11.Http11NioProtocol - Initializing ProtocolHandler ["http-nio-8081"]
2021-05-09 21:24:36.968 [main] INFO  org.apache.catalina.core.StandardService - Starting service [Tomcat]
2021-05-09 21:24:36.968 [main] INFO  org.apache.catalina.core.StandardEngine - Starting Servlet engine: [Apache Tomcat/9.0.45]
2021-05-09 21:24:37.188 [main] INFO  o.a.c.core.ContainerBase.[Tomcat].[localhost].[/] - Initializing Spring embedded WebApplicationContext
2021-05-09 21:24:37.188 [main] INFO  o.s.b.w.s.c.ServletWebServerApplicationContext - Root WebApplicationContext: initialization completed in 1849 ms
2021-05-09 21:24:40.766 [main] INFO  s.d.s.w.PropertySourcedRequestMappingHandlerMapping - Mapped URL path [/v2/api-docs] onto method [springfox.documentation.swagger2.web.Swagger2Controller#getDocumentation(String, HttpServletRequest)]
2021-05-09 21:24:40.866 [main] INFO  o.s.scheduling.concurrent.ThreadPoolTaskExecutor - Initializing ExecutorService 'applicationTaskExecutor'
2021-05-09 21:24:41.126 [main] INFO  o.s.security.web.DefaultSecurityFilterChain - Will secure Ant [pattern='/login'] with []
2021-05-09 21:24:41.126 [main] INFO  o.s.security.web.DefaultSecurityFilterChain - Will secure Ant [pattern='/css/**'] with []
2021-05-09 21:24:41.126 [main] INFO  o.s.security.web.DefaultSecurityFilterChain - Will secure Ant [pattern='/js/**'] with []
2021-05-09 21:24:41.126 [main] INFO  o.s.security.web.DefaultSecurityFilterChain - Will secure Ant [pattern='/images/**'] with []
2021-05-09 21:24:41.126 [main] INFO  o.s.security.web.DefaultSecurityFilterChain - Will secure Ant [pattern='/index.html/**'] with []
2021-05-09 21:24:41.126 [main] INFO  o.s.security.web.DefaultSecurityFilterChain - Will secure Ant [pattern='favicon.ico'] with []
2021-05-09 21:24:41.126 [main] INFO  o.s.security.web.DefaultSecurityFilterChain - Will secure Ant [pattern='/doc.html'] with []
2021-05-09 21:24:41.126 [main] INFO  o.s.security.web.DefaultSecurityFilterChain - Will secure Ant [pattern='/webjars/**'] with []
2021-05-09 21:24:41.126 [main] INFO  o.s.security.web.DefaultSecurityFilterChain - Will secure Ant [pattern='/swagger-resources/**'] with []
2021-05-09 21:24:41.126 [main] INFO  o.s.security.web.DefaultSecurityFilterChain - Will secure Ant [pattern='/v2/api-docs/**'] with []
2021-05-09 21:24:41.126 [main] INFO  o.s.security.web.DefaultSecurityFilterChain - Will secure Ant [pattern='/captcha'] with []
2021-05-09 21:24:41.176 [main] INFO  o.s.security.web.DefaultSecurityFilterChain - Will secure any request with [org.springframework.security.web.context.request.async.WebAsyncManagerIntegrationFilter@373e6b9d, org.springframework.security.web.context.SecurityContextPersistenceFilter@52ae997b, org.springframework.security.web.header.HeaderWriterFilter@5e26f1ed, org.springframework.web.filter.CorsFilter@74dbb1ee, org.springframework.security.web.authentication.logout.LogoutFilter@7af443a3, com.yicao.pmiapi.config.security.JwtAuthenticationTokenFilter@2975a9e, org.springframework.security.web.savedrequest.RequestCacheAwareFilter@1a01d7f0, org.springframework.security.web.servletapi.SecurityContextHolderAwareRequestFilter@52ea0269, org.springframework.security.web.authentication.AnonymousAuthenticationFilter@65629ac6, org.springframework.security.web.session.SessionManagementFilter@6b9fdbc6, org.springframework.security.web.access.ExceptionTranslationFilter@66bf40e5, org.springframework.security.web.access.intercept.FilterSecurityInterceptor@4aa2877c]
2021-05-09 21:24:41.226 [main] INFO  org.apache.coyote.http11.Http11NioProtocol - Starting ProtocolHandler ["http-nio-8081"]
2021-05-09 21:24:41.246 [main] INFO  o.s.boot.web.embedded.tomcat.TomcatWebServer - Tomcat started on port(s): 8081 (http) with context path ''
2021-05-09 21:24:41.246 [main] INFO  s.d.s.web.plugins.DocumentationPluginsBootstrapper - Context refreshed
2021-05-09 21:24:41.266 [main] INFO  s.d.s.web.plugins.DocumentationPluginsBootstrapper - Found 1 custom documentation plugin(s)
2021-05-09 21:24:41.336 [main] INFO  s.d.spring.web.scanners.ApiListingReferenceScanner - Scanning for api listing references
2021-05-09 21:24:41.506 [main] INFO  s.d.s.w.r.operation.CachingOperationNameGenerator - Generating unique operation named: EditAreaUsingPUT_1
2021-05-09 21:24:41.536 [main] INFO  s.d.s.w.r.operation.CachingOperationNameGenerator - Generating unique operation named: EditAreaUsingPUT_2
2021-05-09 21:24:41.536 [main] INFO  s.d.s.w.r.operation.CachingOperationNameGenerator - Generating unique operation named: GetBuildingByIdUsingGET_1
2021-05-09 21:24:41.546 [main] INFO  s.d.s.w.r.operation.CachingOperationNameGenerator - Generating unique operation named: GetBuildingListByAreaIdUsingGET_1
2021-05-09 21:24:41.666 [main] INFO  com.yicao.pmiapi.PmiapiApplication - Started PmiapiApplication in 7.185 seconds (JVM running for 10.236)
2021-05-09 21:24:46.257 [http-nio-8081-exec-1] INFO  o.a.c.core.ContainerBase.[Tomcat].[localhost].[/] - Initializing Spring DispatcherServlet 'dispatcherServlet'
2021-05-09 21:24:46.258 [http-nio-8081-exec-1] INFO  org.springframework.web.servlet.DispatcherServlet - Initializing Servlet 'dispatcherServlet'
2021-05-09 21:24:46.259 [http-nio-8081-exec-1] INFO  org.springframework.web.servlet.DispatcherServlet - Completed initialization in 1 ms
2021-05-09 21:24:47.799 [http-nio-8081-exec-3] INFO  com.alibaba.druid.pool.DruidDataSource - {dataSource-1} inited
2021-05-09 22:04:21.355 [main] INFO  com.yicao.pmiapi.PmiapiApplication - Starting PmiapiApplication using Java 1.8.0_211 on DESKTOP-BUSU3VC with PID 18680 (E:\System\Desktop\pmiapi\target\classes started by yicao in E:\System\Desktop\pmiapi)
2021-05-09 22:04:21.355 [main] INFO  com.yicao.pmiapi.PmiapiApplication - No active profile set, falling back to default profiles: default
2021-05-09 22:04:22.884 [main] INFO  o.s.boot.web.embedded.tomcat.TomcatWebServer - Tomcat initialized with port(s): 8081 (http)
2021-05-09 22:04:22.894 [main] INFO  org.apache.coyote.http11.Http11NioProtocol - Initializing ProtocolHandler ["http-nio-8081"]
2021-05-09 22:04:22.894 [main] INFO  org.apache.catalina.core.StandardService - Starting service [Tomcat]
2021-05-09 22:04:22.894 [main] INFO  org.apache.catalina.core.StandardEngine - Starting Servlet engine: [Apache Tomcat/9.0.45]
2021-05-09 22:04:22.984 [main] INFO  o.a.c.core.ContainerBase.[Tomcat].[localhost].[/] - Initializing Spring embedded WebApplicationContext
2021-05-09 22:04:22.984 [main] INFO  o.s.b.w.s.c.ServletWebServerApplicationContext - Root WebApplicationContext: initialization completed in 1549 ms
2021-05-09 22:04:26.103 [main] INFO  s.d.s.w.PropertySourcedRequestMappingHandlerMapping - Mapped URL path [/v2/api-docs] onto method [springfox.documentation.swagger2.web.Swagger2Controller#getDocumentation(String, HttpServletRequest)]
2021-05-09 22:04:26.183 [main] INFO  o.s.scheduling.concurrent.ThreadPoolTaskExecutor - Initializing ExecutorService 'applicationTaskExecutor'
2021-05-09 22:04:26.363 [main] INFO  o.s.security.web.DefaultSecurityFilterChain - Will secure Ant [pattern='/login'] with []
2021-05-09 22:04:26.363 [main] INFO  o.s.security.web.DefaultSecurityFilterChain - Will secure Ant [pattern='/css/**'] with []
2021-05-09 22:04:26.373 [main] INFO  o.s.security.web.DefaultSecurityFilterChain - Will secure Ant [pattern='/js/**'] with []
2021-05-09 22:04:26.373 [main] INFO  o.s.security.web.DefaultSecurityFilterChain - Will secure Ant [pattern='/images/**'] with []
2021-05-09 22:04:26.373 [main] INFO  o.s.security.web.DefaultSecurityFilterChain - Will secure Ant [pattern='/index.html/**'] with []
2021-05-09 22:04:26.373 [main] INFO  o.s.security.web.DefaultSecurityFilterChain - Will secure Ant [pattern='favicon.ico'] with []
2021-05-09 22:04:26.373 [main] INFO  o.s.security.web.DefaultSecurityFilterChain - Will secure Ant [pattern='/doc.html'] with []
2021-05-09 22:04:26.373 [main] INFO  o.s.security.web.DefaultSecurityFilterChain - Will secure Ant [pattern='/webjars/**'] with []
2021-05-09 22:04:26.373 [main] INFO  o.s.security.web.DefaultSecurityFilterChain - Will secure Ant [pattern='/swagger-resources/**'] with []
2021-05-09 22:04:26.373 [main] INFO  o.s.security.web.DefaultSecurityFilterChain - Will secure Ant [pattern='/v2/api-docs/**'] with []
2021-05-09 22:04:26.373 [main] INFO  o.s.security.web.DefaultSecurityFilterChain - Will secure Ant [pattern='/captcha'] with []
2021-05-09 22:04:26.393 [main] INFO  o.s.security.web.DefaultSecurityFilterChain - Will secure any request with [org.springframework.security.web.context.request.async.WebAsyncManagerIntegrationFilter@373e6b9d, org.springframework.security.web.context.SecurityContextPersistenceFilter@52ae997b, org.springframework.security.web.header.HeaderWriterFilter@5e26f1ed, org.springframework.web.filter.CorsFilter@74dbb1ee, org.springframework.security.web.authentication.logout.LogoutFilter@7af443a3, com.yicao.pmiapi.config.security.JwtAuthenticationTokenFilter@2975a9e, org.springframework.security.web.savedrequest.RequestCacheAwareFilter@1a01d7f0, org.springframework.security.web.servletapi.SecurityContextHolderAwareRequestFilter@52ea0269, org.springframework.security.web.authentication.AnonymousAuthenticationFilter@65629ac6, org.springframework.security.web.session.SessionManagementFilter@6b9fdbc6, org.springframework.security.web.access.ExceptionTranslationFilter@66bf40e5, org.springframework.security.web.access.intercept.FilterSecurityInterceptor@4aa2877c]
2021-05-09 22:04:26.433 [main] INFO  org.apache.coyote.http11.Http11NioProtocol - Starting ProtocolHandler ["http-nio-8081"]
2021-05-09 22:04:26.453 [main] INFO  o.s.boot.web.embedded.tomcat.TomcatWebServer - Tomcat started on port(s): 8081 (http) with context path ''
2021-05-09 22:04:26.453 [main] INFO  s.d.s.web.plugins.DocumentationPluginsBootstrapper - Context refreshed
2021-05-09 22:04:26.473 [main] INFO  s.d.s.web.plugins.DocumentationPluginsBootstrapper - Found 1 custom documentation plugin(s)
2021-05-09 22:04:26.533 [main] INFO  s.d.spring.web.scanners.ApiListingReferenceScanner - Scanning for api listing references
2021-05-09 22:04:26.662 [main] INFO  s.d.s.w.r.operation.CachingOperationNameGenerator - Generating unique operation named: EditAreaUsingPUT_1
2021-05-09 22:04:26.702 [main] INFO  s.d.s.w.r.operation.CachingOperationNameGenerator - Generating unique operation named: EditAreaUsingPUT_2
2021-05-09 22:04:26.702 [main] INFO  s.d.s.w.r.operation.CachingOperationNameGenerator - Generating unique operation named: GetBuildingByIdUsingGET_1
2021-05-09 22:04:26.702 [main] INFO  s.d.s.w.r.operation.CachingOperationNameGenerator - Generating unique operation named: GetBuildingListByAreaIdUsingGET_1
2021-05-09 22:04:26.802 [main] INFO  com.yicao.pmiapi.PmiapiApplication - Started PmiapiApplication in 6.209 seconds (JVM running for 8.347)
2021-05-09 22:04:37.537 [http-nio-8081-exec-1] INFO  o.a.c.core.ContainerBase.[Tomcat].[localhost].[/] - Initializing Spring DispatcherServlet 'dispatcherServlet'
2021-05-09 22:04:37.537 [http-nio-8081-exec-1] INFO  org.springframework.web.servlet.DispatcherServlet - Initializing Servlet 'dispatcherServlet'
2021-05-09 22:04:37.539 [http-nio-8081-exec-1] INFO  org.springframework.web.servlet.DispatcherServlet - Completed initialization in 2 ms
2021-05-09 22:04:39.055 [http-nio-8081-exec-2] INFO  com.alibaba.druid.pool.DruidDataSource - {dataSource-1} inited
2021-05-09 22:21:14.117 [main] INFO  com.yicao.pmiapi.PmiapiApplication - Starting PmiapiApplication using Java 1.8.0_211 on DESKTOP-BUSU3VC with PID 8324 (E:\System\Desktop\pmiapi\target\classes started by yicao in E:\System\Desktop\pmiapi)
2021-05-09 22:21:14.117 [main] INFO  com.yicao.pmiapi.PmiapiApplication - No active profile set, falling back to default profiles: default
2021-05-09 22:21:15.796 [main] INFO  o.s.boot.web.embedded.tomcat.TomcatWebServer - Tomcat initialized with port(s): 8081 (http)
2021-05-09 22:21:15.806 [main] INFO  org.apache.coyote.http11.Http11NioProtocol - Initializing ProtocolHandler ["http-nio-8081"]
2021-05-09 22:21:15.806 [main] INFO  org.apache.catalina.core.StandardService - Starting service [Tomcat]
2021-05-09 22:21:15.806 [main] INFO  org.apache.catalina.core.StandardEngine - Starting Servlet engine: [Apache Tomcat/9.0.45]
2021-05-09 22:21:15.906 [main] INFO  o.a.c.core.ContainerBase.[Tomcat].[localhost].[/] - Initializing Spring embedded WebApplicationContext
2021-05-09 22:21:15.916 [main] INFO  o.s.b.w.s.c.ServletWebServerApplicationContext - Root WebApplicationContext: initialization completed in 1719 ms
2021-05-09 22:21:19.570 [main] INFO  s.d.s.w.PropertySourcedRequestMappingHandlerMapping - Mapped URL path [/v2/api-docs] onto method [springfox.documentation.swagger2.web.Swagger2Controller#getDocumentation(String, HttpServletRequest)]
2021-05-09 22:21:19.667 [main] INFO  o.s.scheduling.concurrent.ThreadPoolTaskExecutor - Initializing ExecutorService 'applicationTaskExecutor'
2021-05-09 22:21:19.868 [main] INFO  o.s.security.web.DefaultSecurityFilterChain - Will secure Ant [pattern='/login'] with []
2021-05-09 22:21:19.868 [main] INFO  o.s.security.web.DefaultSecurityFilterChain - Will secure Ant [pattern='/css/**'] with []
2021-05-09 22:21:19.868 [main] INFO  o.s.security.web.DefaultSecurityFilterChain - Will secure Ant [pattern='/js/**'] with []
2021-05-09 22:21:19.868 [main] INFO  o.s.security.web.DefaultSecurityFilterChain - Will secure Ant [pattern='/images/**'] with []
2021-05-09 22:21:19.868 [main] INFO  o.s.security.web.DefaultSecurityFilterChain - Will secure Ant [pattern='/index.html/**'] with []
2021-05-09 22:21:19.868 [main] INFO  o.s.security.web.DefaultSecurityFilterChain - Will secure Ant [pattern='favicon.ico'] with []
2021-05-09 22:21:19.868 [main] INFO  o.s.security.web.DefaultSecurityFilterChain - Will secure Ant [pattern='/doc.html'] with []
2021-05-09 22:21:19.868 [main] INFO  o.s.security.web.DefaultSecurityFilterChain - Will secure Ant [pattern='/webjars/**'] with []
2021-05-09 22:21:19.868 [main] INFO  o.s.security.web.DefaultSecurityFilterChain - Will secure Ant [pattern='/swagger-resources/**'] with []
2021-05-09 22:21:19.868 [main] INFO  o.s.security.web.DefaultSecurityFilterChain - Will secure Ant [pattern='/v2/api-docs/**'] with []
2021-05-09 22:21:19.868 [main] INFO  o.s.security.web.DefaultSecurityFilterChain - Will secure Ant [pattern='/captcha'] with []
2021-05-09 22:21:19.898 [main] INFO  o.s.security.web.DefaultSecurityFilterChain - Will secure any request with [org.springframework.security.web.context.request.async.WebAsyncManagerIntegrationFilter@61615b4a, org.springframework.security.web.context.SecurityContextPersistenceFilter@5a058be5, org.springframework.security.web.header.HeaderWriterFilter@6a6c7f42, org.springframework.web.filter.CorsFilter@7479b626, org.springframework.security.web.authentication.logout.LogoutFilter@664632e9, com.yicao.pmiapi.config.security.JwtAuthenticationTokenFilter@424de326, org.springframework.security.web.savedrequest.RequestCacheAwareFilter@20c812c8, org.springframework.security.web.servletapi.SecurityContextHolderAwareRequestFilter@45e6d1e0, org.springframework.security.web.authentication.AnonymousAuthenticationFilter@721d8ab5, org.springframework.security.web.session.SessionManagementFilter@5856dbe4, org.springframework.security.web.access.ExceptionTranslationFilter@9b23822, org.springframework.security.web.access.intercept.FilterSecurityInterceptor@4c19d42e]
2021-05-09 22:21:19.938 [main] INFO  org.apache.coyote.http11.Http11NioProtocol - Starting ProtocolHandler ["http-nio-8081"]
2021-05-09 22:21:19.958 [main] INFO  o.s.boot.web.embedded.tomcat.TomcatWebServer - Tomcat started on port(s): 8081 (http) with context path ''
2021-05-09 22:21:19.958 [main] INFO  s.d.s.web.plugins.DocumentationPluginsBootstrapper - Context refreshed
2021-05-09 22:21:19.988 [main] INFO  s.d.s.web.plugins.DocumentationPluginsBootstrapper - Found 1 custom documentation plugin(s)
2021-05-09 22:21:20.058 [main] INFO  s.d.spring.web.scanners.ApiListingReferenceScanner - Scanning for api listing references
2021-05-09 22:21:20.218 [main] INFO  s.d.s.w.r.operation.CachingOperationNameGenerator - Generating unique operation named: EditAreaUsingPUT_1
2021-05-09 22:21:20.258 [main] INFO  s.d.s.w.r.operation.CachingOperationNameGenerator - Generating unique operation named: EditAreaUsingPUT_2
2021-05-09 22:21:20.258 [main] INFO  s.d.s.w.r.operation.CachingOperationNameGenerator - Generating unique operation named: GetBuildingByIdUsingGET_1
2021-05-09 22:21:20.268 [main] INFO  s.d.s.w.r.operation.CachingOperationNameGenerator - Generating unique operation named: GetBuildingListByAreaIdUsingGET_1
2021-05-09 22:21:20.368 [main] INFO  com.yicao.pmiapi.PmiapiApplication - Started PmiapiApplication in 6.931 seconds (JVM running for 9.391)
2021-05-09 22:21:25.592 [http-nio-8081-exec-2] INFO  o.a.c.core.ContainerBase.[Tomcat].[localhost].[/] - Initializing Spring DispatcherServlet 'dispatcherServlet'
2021-05-09 22:21:25.593 [http-nio-8081-exec-2] INFO  org.springframework.web.servlet.DispatcherServlet - Initializing Servlet 'dispatcherServlet'
2021-05-09 22:21:25.594 [http-nio-8081-exec-2] INFO  org.springframework.web.servlet.DispatcherServlet - Completed initialization in 1 ms
2021-05-09 22:21:27.103 [http-nio-8081-exec-3] INFO  com.alibaba.druid.pool.DruidDataSource - {dataSource-1} inited
2021-05-09 22:51:28.198 [main] INFO  com.yicao.pmiapi.PmiapiApplication - Starting PmiapiApplication using Java 1.8.0_211 on DESKTOP-BUSU3VC with PID 12272 (E:\System\Desktop\pmiapi\target\classes started by yicao in E:\System\Desktop\pmiapi)
2021-05-09 22:51:28.208 [main] INFO  com.yicao.pmiapi.PmiapiApplication - No active profile set, falling back to default profiles: default
2021-05-09 22:51:30.237 [main] INFO  o.s.boot.web.embedded.tomcat.TomcatWebServer - Tomcat initialized with port(s): 8081 (http)
2021-05-09 22:51:30.247 [main] INFO  org.apache.coyote.http11.Http11NioProtocol - Initializing ProtocolHandler ["http-nio-8081"]
2021-05-09 22:51:30.247 [main] INFO  org.apache.catalina.core.StandardService - Starting service [Tomcat]
2021-05-09 22:51:30.247 [main] INFO  org.apache.catalina.core.StandardEngine - Starting Servlet engine: [Apache Tomcat/9.0.45]
2021-05-09 22:51:30.347 [main] INFO  o.a.c.core.ContainerBase.[Tomcat].[localhost].[/] - Initializing Spring embedded WebApplicationContext
2021-05-09 22:51:30.347 [main] INFO  o.s.b.w.s.c.ServletWebServerApplicationContext - Root WebApplicationContext: initialization completed in 2079 ms
2021-05-09 22:51:34.297 [main] INFO  s.d.s.w.PropertySourcedRequestMappingHandlerMapping - Mapped URL path [/v2/api-docs] onto method [springfox.documentation.swagger2.web.Swagger2Controller#getDocumentation(String, HttpServletRequest)]
2021-05-09 22:51:34.387 [main] INFO  o.s.scheduling.concurrent.ThreadPoolTaskExecutor - Initializing ExecutorService 'applicationTaskExecutor'
2021-05-09 22:51:34.587 [main] INFO  o.s.security.web.DefaultSecurityFilterChain - Will secure Ant [pattern='/login'] with []
2021-05-09 22:51:34.587 [main] INFO  o.s.security.web.DefaultSecurityFilterChain - Will secure Ant [pattern='/css/**'] with []
2021-05-09 22:51:34.587 [main] INFO  o.s.security.web.DefaultSecurityFilterChain - Will secure Ant [pattern='/js/**'] with []
2021-05-09 22:51:34.587 [main] INFO  o.s.security.web.DefaultSecurityFilterChain - Will secure Ant [pattern='/images/**'] with []
2021-05-09 22:51:34.587 [main] INFO  o.s.security.web.DefaultSecurityFilterChain - Will secure Ant [pattern='/index.html/**'] with []
2021-05-09 22:51:34.587 [main] INFO  o.s.security.web.DefaultSecurityFilterChain - Will secure Ant [pattern='favicon.ico'] with []
2021-05-09 22:51:34.587 [main] INFO  o.s.security.web.DefaultSecurityFilterChain - Will secure Ant [pattern='/doc.html'] with []
2021-05-09 22:51:34.587 [main] INFO  o.s.security.web.DefaultSecurityFilterChain - Will secure Ant [pattern='/webjars/**'] with []
2021-05-09 22:51:34.587 [main] INFO  o.s.security.web.DefaultSecurityFilterChain - Will secure Ant [pattern='/swagger-resources/**'] with []
2021-05-09 22:51:34.587 [main] INFO  o.s.security.web.DefaultSecurityFilterChain - Will secure Ant [pattern='/v2/api-docs/**'] with []
2021-05-09 22:51:34.587 [main] INFO  o.s.security.web.DefaultSecurityFilterChain - Will secure Ant [pattern='/captcha'] with []
2021-05-09 22:51:34.607 [main] INFO  o.s.security.web.DefaultSecurityFilterChain - Will secure any request with [org.springframework.security.web.context.request.async.WebAsyncManagerIntegrationFilter@65629ac6, org.springframework.security.web.context.SecurityContextPersistenceFilter@f557c37, org.springframework.security.web.header.HeaderWriterFilter@39666e42, org.springframework.web.filter.CorsFilter@74dbb1ee, org.springframework.security.web.authentication.logout.LogoutFilter@7b25ab31, com.yicao.pmiapi.config.security.JwtAuthenticationTokenFilter@2975a9e, org.springframework.security.web.savedrequest.RequestCacheAwareFilter@5856dbe4, org.springframework.security.web.servletapi.SecurityContextHolderAwareRequestFilter@746c411c, org.springframework.security.web.authentication.AnonymousAuthenticationFilter@56b8aaf1, org.springframework.security.web.session.SessionManagementFilter@79476a4e, org.springframework.security.web.access.ExceptionTranslationFilter@2291d9a0, org.springframework.security.web.access.intercept.FilterSecurityInterceptor@307e4c44]
2021-05-09 22:51:34.647 [main] INFO  org.apache.coyote.http11.Http11NioProtocol - Starting ProtocolHandler ["http-nio-8081"]
2021-05-09 22:51:34.677 [main] INFO  o.s.boot.web.embedded.tomcat.TomcatWebServer - Tomcat started on port(s): 8081 (http) with context path ''
2021-05-09 22:51:34.677 [main] INFO  s.d.s.web.plugins.DocumentationPluginsBootstrapper - Context refreshed
2021-05-09 22:51:34.697 [main] INFO  s.d.s.web.plugins.DocumentationPluginsBootstrapper - Found 1 custom documentation plugin(s)
2021-05-09 22:51:34.777 [main] INFO  s.d.spring.web.scanners.ApiListingReferenceScanner - Scanning for api listing references
2021-05-09 22:51:34.937 [main] INFO  s.d.s.w.r.operation.CachingOperationNameGenerator - Generating unique operation named: EditAreaUsingPUT_1
2021-05-09 22:51:34.977 [main] INFO  s.d.s.w.r.operation.CachingOperationNameGenerator - Generating unique operation named: EditAreaUsingPUT_2
2021-05-09 22:51:34.977 [main] INFO  s.d.s.w.r.operation.CachingOperationNameGenerator - Generating unique operation named: GetBuildingByIdUsingGET_1
2021-05-09 22:51:34.977 [main] INFO  s.d.s.w.r.operation.CachingOperationNameGenerator - Generating unique operation named: GetBuildingListByAreaIdUsingGET_1
2021-05-09 22:51:35.077 [main] INFO  com.yicao.pmiapi.PmiapiApplication - Started PmiapiApplication in 8.04 seconds (JVM running for 10.46)
2021-05-09 22:51:40.354 [http-nio-8081-exec-1] INFO  o.a.c.core.ContainerBase.[Tomcat].[localhost].[/] - Initializing Spring DispatcherServlet 'dispatcherServlet'
2021-05-09 22:51:40.354 [http-nio-8081-exec-1] INFO  org.springframework.web.servlet.DispatcherServlet - Initializing Servlet 'dispatcherServlet'
2021-05-09 22:51:40.364 [http-nio-8081-exec-1] INFO  org.springframework.web.servlet.DispatcherServlet - Completed initialization in 10 ms
2021-05-09 22:51:41.878 [http-nio-8081-exec-2] INFO  com.alibaba.druid.pool.DruidDataSource - {dataSource-1} inited
