2021-05-10 08:43:45.600 [main] WARN  c.b.mybatisplus.core.metadata.TableInfoHelper - Warn: Could not find @TableId in Class: com.yicao.pmiapi.pojo.Worker.
2021-05-10 11:18:14.252 [main] WARN  c.b.mybatisplus.core.metadata.TableInfoHelper - Warn: Could not find @TableId in Class: com.yicao.pmiapi.pojo.Worker.
2021-05-10 12:00:14.731 [main] WARN  c.b.mybatisplus.core.metadata.TableInfoHelper - Warn: Could not find @TableId in Class: com.yicao.pmiapi.pojo.Worker.
2021-05-10 12:00:17.519 [main] WARN  o.s.b.w.s.c.AnnotationConfigServletWebServerApplicationContext - Exception encountered during context initialization - cancelling refresh attempt: org.springframework.beans.factory.UnsatisfiedDependencyException: Error creating bean with name 'documentationPluginsBootstrapper' defined in URL [jar:file:/D:/apache-maven-3.6.1/repository/io/springfox/springfox-spring-web/2.7.0/springfox-spring-web-2.7.0.jar!/springfox/documentation/spring/web/plugins/DocumentationPluginsBootstrapper.class]: Unsatisfied dependency expressed through constructor parameter 1; nested exception is org.springframework.beans.factory.UnsatisfiedDependencyException: Error creating bean with name 'webMvcRequestHandlerProvider' defined in URL [jar:file:/D:/apache-maven-3.6.1/repository/io/springfox/springfox-spring-web/2.7.0/springfox-spring-web-2.7.0.jar!/springfox/documentation/spring/web/plugins/WebMvcRequestHandlerProvider.class]: Unsatisfied dependency expressed through constructor parameter 0; nested exception is org.springframework.beans.factory.BeanCreationException: Error creating bean with name 'requestMappingHandlerMapping' defined in class path resource [org/springframework/boot/autoconfigure/web/servlet/WebMvcAutoConfiguration$EnableWebMvcConfiguration.class]: Invocation of init method failed; nested exception is java.lang.IllegalStateException: Ambiguous mapping. Cannot map 'noticeController' method 
com.yicao.pmiapi.controller.NoticeController#GetFamilyListByPage(Integer, Integer, String)
to {GET [/families]}: There is already 'familyController' bean method
com.yicao.pmiapi.controller.FamilyController#GetFamilyListByPage(Integer, Integer, String) mapped.
2021-05-10 12:00:17.537 [main] WARN  org.apache.catalina.loader.WebappClassLoaderBase - The web application [ROOT] appears to have started a thread named [ForkJoinPool.commonPool-worker-1] but has failed to stop it. This is very likely to create a memory leak. Stack trace of thread:
 sun.misc.Unsafe.park(Native Method)
 java.util.concurrent.ForkJoinPool.awaitWork(ForkJoinPool.java:1824)
 java.util.concurrent.ForkJoinPool.runWorker(ForkJoinPool.java:1693)
 java.util.concurrent.ForkJoinWorkerThread.run(ForkJoinWorkerThread.java:157)
2021-05-10 12:00:17.538 [main] WARN  org.apache.catalina.loader.WebappClassLoaderBase - The web application [ROOT] appears to have started a thread named [ForkJoinPool.commonPool-worker-2] but has failed to stop it. This is very likely to create a memory leak. Stack trace of thread:
 sun.misc.Unsafe.park(Native Method)
 java.util.concurrent.ForkJoinPool.awaitWork(ForkJoinPool.java:1824)
 java.util.concurrent.ForkJoinPool.runWorker(ForkJoinPool.java:1693)
 java.util.concurrent.ForkJoinWorkerThread.run(ForkJoinWorkerThread.java:157)
2021-05-10 12:00:17.539 [main] WARN  org.apache.catalina.loader.WebappClassLoaderBase - The web application [ROOT] appears to have started a thread named [ForkJoinPool.commonPool-worker-3] but has failed to stop it. This is very likely to create a memory leak. Stack trace of thread:
 sun.misc.Unsafe.park(Native Method)
 java.util.concurrent.ForkJoinPool.awaitWork(ForkJoinPool.java:1824)
 java.util.concurrent.ForkJoinPool.runWorker(ForkJoinPool.java:1693)
 java.util.concurrent.ForkJoinWorkerThread.run(ForkJoinWorkerThread.java:157)
2021-05-10 12:00:17.540 [main] WARN  org.apache.catalina.loader.WebappClassLoaderBase - The web application [ROOT] appears to have started a thread named [ForkJoinPool.commonPool-worker-4] but has failed to stop it. This is very likely to create a memory leak. Stack trace of thread:
 sun.misc.Unsafe.park(Native Method)
 java.util.concurrent.ForkJoinPool.awaitWork(ForkJoinPool.java:1824)
 java.util.concurrent.ForkJoinPool.runWorker(ForkJoinPool.java:1693)
 java.util.concurrent.ForkJoinWorkerThread.run(ForkJoinWorkerThread.java:157)
2021-05-10 12:00:17.541 [main] WARN  org.apache.catalina.loader.WebappClassLoaderBase - The web application [ROOT] appears to have started a thread named [ForkJoinPool.commonPool-worker-6] but has failed to stop it. This is very likely to create a memory leak. Stack trace of thread:
 sun.misc.Unsafe.park(Native Method)
 java.util.concurrent.ForkJoinPool.awaitWork(ForkJoinPool.java:1824)
 java.util.concurrent.ForkJoinPool.runWorker(ForkJoinPool.java:1693)
 java.util.concurrent.ForkJoinWorkerThread.run(ForkJoinWorkerThread.java:157)
2021-05-10 12:00:17.542 [main] WARN  org.apache.catalina.loader.WebappClassLoaderBase - The web application [ROOT] appears to have started a thread named [ForkJoinPool.commonPool-worker-7] but has failed to stop it. This is very likely to create a memory leak. Stack trace of thread:
 sun.misc.Unsafe.park(Native Method)
 java.util.concurrent.ForkJoinPool.awaitWork(ForkJoinPool.java:1824)
 java.util.concurrent.ForkJoinPool.runWorker(ForkJoinPool.java:1693)
 java.util.concurrent.ForkJoinWorkerThread.run(ForkJoinWorkerThread.java:157)
2021-05-10 12:00:44.560 [main] WARN  c.b.mybatisplus.core.metadata.TableInfoHelper - Warn: Could not find @TableId in Class: com.yicao.pmiapi.pojo.Worker.
2021-05-10 12:02:50.514 [main] WARN  c.b.mybatisplus.core.metadata.TableInfoHelper - Warn: Could not find @TableId in Class: com.yicao.pmiapi.pojo.Worker.
2021-05-10 13:56:54.543 [main] WARN  c.b.mybatisplus.core.metadata.TableInfoHelper - Warn: Could not find @TableId in Class: com.yicao.pmiapi.pojo.Worker.
2021-05-10 14:29:19.980 [main] WARN  c.b.mybatisplus.core.metadata.TableInfoHelper - Warn: Could not find @TableId in Class: com.yicao.pmiapi.pojo.Worker.
2021-05-10 16:00:44.633 [main] WARN  c.b.mybatisplus.core.metadata.TableInfoHelper - Warn: Could not find @TableId in Class: com.yicao.pmiapi.pojo.Worker.
2021-05-10 16:02:34.579 [main] WARN  c.b.mybatisplus.core.metadata.TableInfoHelper - Warn: Could not find @TableId in Class: com.yicao.pmiapi.pojo.Worker.
2021-05-10 16:04:41.723 [main] WARN  c.b.mybatisplus.core.metadata.TableInfoHelper - Warn: Could not find @TableId in Class: com.yicao.pmiapi.pojo.Worker.
2021-05-10 16:06:28.659 [main] WARN  c.b.mybatisplus.core.metadata.TableInfoHelper - Warn: Could not find @TableId in Class: com.yicao.pmiapi.pojo.Worker.
2021-05-10 16:07:30.861 [main] WARN  c.b.mybatisplus.core.metadata.TableInfoHelper - Warn: Could not find @TableId in Class: com.yicao.pmiapi.pojo.Worker.
2021-05-10 16:08:03.498 [main] WARN  c.b.mybatisplus.core.metadata.TableInfoHelper - Warn: Could not find @TableId in Class: com.yicao.pmiapi.pojo.Worker.
2021-05-10 19:15:48.523 [main] WARN  c.b.mybatisplus.core.metadata.TableInfoHelper - Warn: Could not find @TableId in Class: com.yicao.pmiapi.pojo.Worker.
2021-05-10 19:21:30.806 [http-nio-8081-exec-10] WARN  o.s.w.s.m.support.DefaultHandlerExceptionResolver - Resolved [org.springframework.http.converter.HttpMessageNotReadableException: JSON parse error: Cannot deserialize value of type `java.time.LocalDateTime` from String "2021-05-11 11:50:06": Failed to deserialize java.time.LocalDateTime: (java.time.format.DateTimeParseException) Text '2021-05-11 11:50:06' could not be parsed: Unable to obtain LocalDateTime from TemporalAccessor: {HourOfAmPm=11, NanoOfSecond=0, MinuteOfHour=50, MicroOfSecond=0, MilliOfSecond=0, SecondOfMinute=6},ISO resolved to 2021-05-11 of type java.time.format.Parsed; nested exception is com.fasterxml.jackson.databind.exc.InvalidFormatException: Cannot deserialize value of type `java.time.LocalDateTime` from String "2021-05-11 11:50:06": Failed to deserialize java.time.LocalDateTime: (java.time.format.DateTimeParseException) Text '2021-05-11 11:50:06' could not be parsed: Unable to obtain LocalDateTime from TemporalAccessor: {HourOfAmPm=11, NanoOfSecond=0, MinuteOfHour=50, MicroOfSecond=0, MilliOfSecond=0, SecondOfMinute=6},ISO resolved to 2021-05-11 of type java.time.format.Parsed
 at [Source: (PushbackInputStream); line: 1, column: 100] (through reference chain: com.yicao.pmiapi.pojo.Notice["noticeDate"])]
2021-05-10 19:21:53.100 [http-nio-8081-exec-2] WARN  o.s.w.s.m.support.DefaultHandlerExceptionResolver - Resolved [org.springframework.http.converter.HttpMessageNotReadableException: JSON parse error: Cannot deserialize value of type `java.time.LocalDateTime` from String "2021-05-11 11:50:06": Failed to deserialize java.time.LocalDateTime: (java.time.format.DateTimeParseException) Text '2021-05-11 11:50:06' could not be parsed: Unable to obtain LocalDateTime from TemporalAccessor: {HourOfAmPm=11, NanoOfSecond=0, MinuteOfHour=50, MicroOfSecond=0, MilliOfSecond=0, SecondOfMinute=6},ISO resolved to 2021-05-11 of type java.time.format.Parsed; nested exception is com.fasterxml.jackson.databind.exc.InvalidFormatException: Cannot deserialize value of type `java.time.LocalDateTime` from String "2021-05-11 11:50:06": Failed to deserialize java.time.LocalDateTime: (java.time.format.DateTimeParseException) Text '2021-05-11 11:50:06' could not be parsed: Unable to obtain LocalDateTime from TemporalAccessor: {HourOfAmPm=11, NanoOfSecond=0, MinuteOfHour=50, MicroOfSecond=0, MilliOfSecond=0, SecondOfMinute=6},ISO resolved to 2021-05-11 of type java.time.format.Parsed
 at [Source: (PushbackInputStream); line: 1, column: 100] (through reference chain: com.yicao.pmiapi.pojo.Notice["noticeDate"])]
2021-05-10 19:27:11.320 [main] WARN  c.b.mybatisplus.core.metadata.TableInfoHelper - Warn: Could not find @TableId in Class: com.yicao.pmiapi.pojo.Worker.
2021-05-10 19:29:03.184 [http-nio-8081-exec-3] WARN  o.s.w.s.m.support.DefaultHandlerExceptionResolver - Resolved [org.springframework.http.converter.HttpMessageNotReadableException: JSON parse error: Cannot deserialize value of type `java.time.LocalDateTime` from String "2021-05-03T03:50:06.000Z": Failed to deserialize java.time.LocalDateTime: (java.time.format.DateTimeParseException) Text '2021-05-03T03:50:06.000Z' could not be parsed at index 10; nested exception is com.fasterxml.jackson.databind.exc.InvalidFormatException: Cannot deserialize value of type `java.time.LocalDateTime` from String "2021-05-03T03:50:06.000Z": Failed to deserialize java.time.LocalDateTime: (java.time.format.DateTimeParseException) Text '2021-05-03T03:50:06.000Z' could not be parsed at index 10
 at [Source: (PushbackInputStream); line: 1, column: 100] (through reference chain: com.yicao.pmiapi.pojo.Notice["noticeDate"])]
2021-05-10 19:30:26.583 [http-nio-8081-exec-5] WARN  o.s.w.s.m.support.DefaultHandlerExceptionResolver - Resolved [org.springframework.http.converter.HttpMessageNotReadableException: JSON parse error: Cannot deserialize value of type `java.time.LocalDateTime` from String "2021-05-05T03:50:06.000Z": Failed to deserialize java.time.LocalDateTime: (java.time.format.DateTimeParseException) Text '2021-05-05T03:50:06.000Z' could not be parsed at index 10; nested exception is com.fasterxml.jackson.databind.exc.InvalidFormatException: Cannot deserialize value of type `java.time.LocalDateTime` from String "2021-05-05T03:50:06.000Z": Failed to deserialize java.time.LocalDateTime: (java.time.format.DateTimeParseException) Text '2021-05-05T03:50:06.000Z' could not be parsed at index 10
 at [Source: (PushbackInputStream); line: 1, column: 100] (through reference chain: com.yicao.pmiapi.pojo.Notice["noticeDate"])]
2021-05-10 19:36:19.112 [http-nio-8081-exec-4] WARN  o.s.w.s.m.support.DefaultHandlerExceptionResolver - Resolved [org.springframework.http.converter.HttpMessageNotReadableException: JSON parse error: Cannot deserialize value of type `java.time.LocalDateTime` from String "2021-05-13T03:50:06.000Z": Failed to deserialize java.time.LocalDateTime: (java.time.format.DateTimeParseException) Text '2021-05-13T03:50:06.000Z' could not be parsed at index 10; nested exception is com.fasterxml.jackson.databind.exc.InvalidFormatException: Cannot deserialize value of type `java.time.LocalDateTime` from String "2021-05-13T03:50:06.000Z": Failed to deserialize java.time.LocalDateTime: (java.time.format.DateTimeParseException) Text '2021-05-13T03:50:06.000Z' could not be parsed at index 10
 at [Source: (PushbackInputStream); line: 1, column: 100] (through reference chain: com.yicao.pmiapi.pojo.Notice["noticeDate"])]
2021-05-10 19:42:18.878 [main] WARN  c.b.mybatisplus.core.metadata.TableInfoHelper - Warn: Could not find @TableId in Class: com.yicao.pmiapi.pojo.Worker.
2021-05-10 19:42:30.643 [http-nio-8081-exec-2] WARN  o.s.w.s.m.support.DefaultHandlerExceptionResolver - Resolved [org.springframework.http.converter.HttpMessageNotReadableException: JSON parse error: Cannot deserialize value of type `java.time.LocalDateTime` from String "2021-05-06 11:50:06": Failed to deserialize java.time.LocalDateTime: (java.time.format.DateTimeParseException) Text '2021-05-06 11:50:06' could not be parsed at index 10; nested exception is com.fasterxml.jackson.databind.exc.InvalidFormatException: Cannot deserialize value of type `java.time.LocalDateTime` from String "2021-05-06 11:50:06": Failed to deserialize java.time.LocalDateTime: (java.time.format.DateTimeParseException) Text '2021-05-06 11:50:06' could not be parsed at index 10
 at [Source: (PushbackInputStream); line: 1, column: 100] (through reference chain: com.yicao.pmiapi.pojo.Notice["noticeDate"])]
2021-05-10 19:42:43.983 [main] WARN  c.b.mybatisplus.core.metadata.TableInfoHelper - Warn: Could not find @TableId in Class: com.yicao.pmiapi.pojo.Worker.
2021-05-10 19:42:51.468 [http-nio-8081-exec-2] WARN  o.s.w.s.m.support.DefaultHandlerExceptionResolver - Resolved [org.springframework.http.converter.HttpMessageNotReadableException: JSON parse error: Cannot deserialize value of type `java.time.LocalDateTime` from String "2021-05-06 11:50:06": Failed to deserialize java.time.LocalDateTime: (java.time.format.DateTimeParseException) Text '2021-05-06 11:50:06' could not be parsed at index 10; nested exception is com.fasterxml.jackson.databind.exc.InvalidFormatException: Cannot deserialize value of type `java.time.LocalDateTime` from String "2021-05-06 11:50:06": Failed to deserialize java.time.LocalDateTime: (java.time.format.DateTimeParseException) Text '2021-05-06 11:50:06' could not be parsed at index 10
 at [Source: (PushbackInputStream); line: 1, column: 100] (through reference chain: com.yicao.pmiapi.pojo.Notice["noticeDate"])]
2021-05-10 19:42:53.511 [http-nio-8081-exec-3] WARN  o.s.w.s.m.support.DefaultHandlerExceptionResolver - Resolved [org.springframework.http.converter.HttpMessageNotReadableException: JSON parse error: Cannot deserialize value of type `java.time.LocalDateTime` from String "2021-05-06 11:50:06": Failed to deserialize java.time.LocalDateTime: (java.time.format.DateTimeParseException) Text '2021-05-06 11:50:06' could not be parsed at index 10; nested exception is com.fasterxml.jackson.databind.exc.InvalidFormatException: Cannot deserialize value of type `java.time.LocalDateTime` from String "2021-05-06 11:50:06": Failed to deserialize java.time.LocalDateTime: (java.time.format.DateTimeParseException) Text '2021-05-06 11:50:06' could not be parsed at index 10
 at [Source: (PushbackInputStream); line: 1, column: 100] (through reference chain: com.yicao.pmiapi.pojo.Notice["noticeDate"])]
2021-05-10 19:49:09.453 [http-nio-8081-exec-5] WARN  o.s.w.s.m.support.DefaultHandlerExceptionResolver - Resolved [org.springframework.http.converter.HttpMessageNotReadableException: JSON parse error: Cannot deserialize value of type `java.time.LocalDateTime` from String "2021-05-06 11:50:06": Failed to deserialize java.time.LocalDateTime: (java.time.format.DateTimeParseException) Text '2021-05-06 11:50:06' could not be parsed at index 10; nested exception is com.fasterxml.jackson.databind.exc.InvalidFormatException: Cannot deserialize value of type `java.time.LocalDateTime` from String "2021-05-06 11:50:06": Failed to deserialize java.time.LocalDateTime: (java.time.format.DateTimeParseException) Text '2021-05-06 11:50:06' could not be parsed at index 10
 at [Source: (PushbackInputStream); line: 1, column: 100] (through reference chain: com.yicao.pmiapi.pojo.Notice["noticeDate"])]
2021-05-10 19:49:55.068 [main] WARN  c.b.mybatisplus.core.metadata.TableInfoHelper - Warn: Could not find @TableId in Class: com.yicao.pmiapi.pojo.Worker.
2021-05-10 19:50:03.852 [http-nio-8081-exec-2] WARN  o.s.w.s.m.support.DefaultHandlerExceptionResolver - Resolved [org.springframework.http.converter.HttpMessageNotReadableException: JSON parse error: Cannot deserialize value of type `java.time.LocalDateTime` from String "2021-05-06 11:50:06": Failed to deserialize java.time.LocalDateTime: (java.time.format.DateTimeParseException) Text '2021-05-06 11:50:06' could not be parsed at index 10; nested exception is com.fasterxml.jackson.databind.exc.InvalidFormatException: Cannot deserialize value of type `java.time.LocalDateTime` from String "2021-05-06 11:50:06": Failed to deserialize java.time.LocalDateTime: (java.time.format.DateTimeParseException) Text '2021-05-06 11:50:06' could not be parsed at index 10
 at [Source: (PushbackInputStream); line: 1, column: 100] (through reference chain: com.yicao.pmiapi.pojo.Notice["noticeDate"])]
2021-05-10 19:51:33.722 [main] WARN  c.b.mybatisplus.core.metadata.TableInfoHelper - Warn: Could not find @TableId in Class: com.yicao.pmiapi.pojo.Worker.
2021-05-10 19:51:44.368 [http-nio-8081-exec-2] WARN  o.s.w.s.m.support.DefaultHandlerExceptionResolver - Resolved [org.springframework.http.converter.HttpMessageNotReadableException: JSON parse error: Cannot deserialize value of type `java.time.LocalDateTime` from String "2021-05-06 11:50:06": Failed to deserialize java.time.LocalDateTime: (java.time.format.DateTimeParseException) Text '2021-05-06 11:50:06' could not be parsed at index 10; nested exception is com.fasterxml.jackson.databind.exc.InvalidFormatException: Cannot deserialize value of type `java.time.LocalDateTime` from String "2021-05-06 11:50:06": Failed to deserialize java.time.LocalDateTime: (java.time.format.DateTimeParseException) Text '2021-05-06 11:50:06' could not be parsed at index 10
 at [Source: (PushbackInputStream); line: 1, column: 100] (through reference chain: com.yicao.pmiapi.pojo.Notice["noticeDate"])]
2021-05-10 19:53:08.962 [main] WARN  c.b.mybatisplus.core.metadata.TableInfoHelper - Warn: Could not find @TableId in Class: com.yicao.pmiapi.pojo.Worker.
2021-05-10 20:37:25.391 [main] WARN  c.b.mybatisplus.core.metadata.TableInfoHelper - Warn: Could not find @TableId in Class: com.yicao.pmiapi.pojo.Worker.
2021-05-10 20:37:40.714 [http-nio-8081-exec-2] WARN  o.s.w.s.m.support.DefaultHandlerExceptionResolver - Resolved [org.springframework.http.converter.HttpMessageNotReadableException: JSON parse error: Cannot deserialize value of type `java.time.LocalDateTime` from String "NaN-aN-aN aN:aN:aN": Failed to deserialize java.time.LocalDateTime: (java.time.format.DateTimeParseException) Text 'NaN-aN-aN aN:aN:aN' could not be parsed at index 0; nested exception is com.fasterxml.jackson.databind.exc.InvalidFormatException: Cannot deserialize value of type `java.time.LocalDateTime` from String "NaN-aN-aN aN:aN:aN": Failed to deserialize java.time.LocalDateTime: (java.time.format.DateTimeParseException) Text 'NaN-aN-aN aN:aN:aN' could not be parsed at index 0
 at [Source: (PushbackInputStream); line: 1, column: 15] (through reference chain: com.yicao.pmiapi.pojo.Notice["noticeDate"])]
2021-05-10 20:43:44.619 [main] WARN  c.b.mybatisplus.core.metadata.TableInfoHelper - Warn: Could not find @TableId in Class: com.yicao.pmiapi.pojo.Worker.
2021-05-10 20:46:39.703 [main] WARN  c.b.mybatisplus.core.metadata.TableInfoHelper - Warn: Could not find @TableId in Class: com.yicao.pmiapi.pojo.Worker.
2021-05-10 20:50:54.190 [main] WARN  c.b.mybatisplus.core.metadata.TableInfoHelper - Warn: Could not find @TableId in Class: com.yicao.pmiapi.pojo.Worker.
2021-05-10 20:52:10.304 [main] WARN  c.b.mybatisplus.core.metadata.TableInfoHelper - Warn: Could not find @TableId in Class: com.yicao.pmiapi.pojo.Worker.
2021-05-10 20:53:38.097 [main] WARN  c.b.mybatisplus.core.metadata.TableInfoHelper - Warn: Could not find @TableId in Class: com.yicao.pmiapi.pojo.Worker.
2021-05-10 21:00:47.652 [main] WARN  c.b.mybatisplus.core.metadata.TableInfoHelper - Warn: Could not find @TableId in Class: com.yicao.pmiapi.pojo.Worker.
2021-05-10 21:02:03.503 [main] WARN  c.b.mybatisplus.core.metadata.TableInfoHelper - Warn: Could not find @TableId in Class: com.yicao.pmiapi.pojo.Worker.
2021-05-10 21:05:46.458 [main] WARN  c.b.mybatisplus.core.metadata.TableInfoHelper - Warn: Could not find @TableId in Class: com.yicao.pmiapi.pojo.Worker.
2021-05-10 21:08:58.721 [main] WARN  c.b.mybatisplus.core.metadata.TableInfoHelper - Warn: Could not find @TableId in Class: com.yicao.pmiapi.pojo.Worker.
2021-05-10 21:09:49.568 [main] WARN  c.b.mybatisplus.core.metadata.TableInfoHelper - Warn: Could not find @TableId in Class: com.yicao.pmiapi.pojo.Worker.
